[ 2016-09-20T10:22:33+08:00 ] ::1 /favicon.ico
INFO: [ app_init ] --START--
INFO: Run Behavior\BuildLiteBehavior [ RunTime:0.000013s ]
INFO: [ app_init ] --END-- [ RunTime:0.000494s ]
ERR: 无法加载模块:Favicon

[ 2016-09-20T10:22:56+08:00 ] ::1 /Uploads/diankuan/2016-09-18/57de5fab02295.png
INFO: [ app_init ] --START--
INFO: Run Behavior\BuildLiteBehavior [ RunTime:0.000016s ]
INFO: [ app_init ] --END-- [ RunTime:0.000480s ]
ERR: 无法加载模块:Uploads

[ 2016-09-20T10:22:56+08:00 ] ::1 /Uploads/diankuan/2016-09-18/57de5fab0ac76.png
INFO: [ app_init ] --START--
INFO: Run Behavior\BuildLiteBehavior [ RunTime:0.000023s ]
INFO: [ app_init ] --END-- [ RunTime:0.000732s ]
ERR: 无法加载模块:Uploads

[ 2016-09-20T10:22:57+08:00 ] ::1 /Uploads/diankuan/2016-09-18/57de5fab02295.png
INFO: [ app_init ] --START--
INFO: Run Behavior\BuildLiteBehavior [ RunTime:0.000025s ]
INFO: [ app_init ] --END-- [ RunTime:0.000664s ]
ERR: 无法加载模块:Uploads

[ 2016-09-20T10:22:57+08:00 ] ::1 /Uploads/diankuan/2016-09-18/57de5fab0ac76.png
INFO: [ app_init ] --START--
INFO: Run Behavior\BuildLiteBehavior [ RunTime:0.000020s ]
INFO: [ app_init ] --END-- [ RunTime:0.000733s ]
ERR: 无法加载模块:Uploads

[ 2016-09-20T10:22:59+08:00 ] ::1 /Uploads/diankuan/2016-09-18/57de5fab02295.png
INFO: [ app_init ] --START--
INFO: Run Behavior\BuildLiteBehavior [ RunTime:0.000012s ]
INFO: [ app_init ] --END-- [ RunTime:0.000509s ]
ERR: 无法加载模块:Uploads

[ 2016-09-20T10:23:04+08:00 ] ::1 /Uploads/diankuan/2016-09-18/57de5fab0ac76.png
INFO: [ app_init ] --START--
INFO: Run Behavior\BuildLiteBehavior [ RunTime:0.000013s ]
INFO: [ app_init ] --END-- [ RunTime:0.000522s ]
ERR: 无法加载模块:Uploads

[ 2016-09-20T10:23:07+08:00 ] ::1 /Uploads/diankuan/2016-09-18/57de5fab0ac76.png
INFO: [ app_init ] --START--
INFO: Run Behavior\BuildLiteBehavior [ RunTime:0.000025s ]
INFO: [ app_init ] --END-- [ RunTime:0.000924s ]
ERR: 无法加载模块:Uploads

[ 2016-09-20T10:23:08+08:00 ] ::1 /Uploads/diankuan/2016-09-18/57de5fab0ac76.png
INFO: [ app_init ] --START--
INFO: Run Behavior\BuildLiteBehavior [ RunTime:0.000013s ]
INFO: [ app_init ] --END-- [ RunTime:0.000487s ]
ERR: 无法加载模块:Uploads

[ 2016-09-20T10:23:19+08:00 ] ::1 /Uploads/diankuan/2016-09-18/57de5fab0ac76.png
INFO: [ app_init ] --START--
INFO: Run Behavior\BuildLiteBehavior [ RunTime:0.000020s ]
INFO: [ app_init ] --END-- [ RunTime:0.000616s ]
ERR: 无法加载模块:Uploads

[ 2016-09-20T10:23:19+08:00 ] ::1 /Uploads/diankuan/2016-09-18/57de5fab02295.png
INFO: [ app_init ] --START--
INFO: Run Behavior\BuildLiteBehavior [ RunTime:0.000021s ]
INFO: [ app_init ] --END-- [ RunTime:0.000986s ]
ERR: 无法加载模块:Uploads

[ 2016-09-20T10:23:20+08:00 ] ::1 /Uploads/diankuan/2016-09-18/57de5fab02295.png
INFO: [ app_init ] --START--
INFO: Run Behavior\BuildLiteBehavior [ RunTime:0.000018s ]
INFO: [ app_init ] --END-- [ RunTime:0.000626s ]
ERR: 无法加载模块:Uploads

[ 2016-09-20T10:23:20+08:00 ] ::1 /Uploads/diankuan/2016-09-18/57de5fab0ac76.png
INFO: [ app_init ] --START--
INFO: Run Behavior\BuildLiteBehavior [ RunTime:0.000014s ]
INFO: [ app_init ] --END-- [ RunTime:0.000719s ]
ERR: 无法加载模块:Uploads

[ 2016-09-20T10:23:23+08:00 ] ::1 /Uploads/diankuan/2016-09-18/57de5fab02295.png
INFO: [ app_init ] --START--
INFO: Run Behavior\BuildLiteBehavior [ RunTime:0.000021s ]
INFO: [ app_init ] --END-- [ RunTime:0.000713s ]
ERR: 无法加载模块:Uploads

[ 2016-09-20T10:29:05+08:00 ] ::1 /favicon.ico
INFO: [ app_init ] --START--
INFO: Run Behavior\BuildLiteBehavior [ RunTime:0.000013s ]
INFO: [ app_init ] --END-- [ RunTime:0.000526s ]
ERR: 无法加载模块:Favicon

[ 2016-09-20T10:54:00+08:00 ] ::1 /favicon.ico
INFO: [ app_init ] --START--
INFO: Run Behavior\BuildLiteBehavior [ RunTime:0.000024s ]
INFO: [ app_init ] --END-- [ RunTime:0.000799s ]
ERR: 无法加载模块:Favicon

[ 2016-09-20T10:54:00+08:00 ] ::1 /favicon.ico
INFO: [ app_init ] --START--
INFO: Run Behavior\BuildLiteBehavior [ RunTime:0.000026s ]
INFO: [ app_init ] --END-- [ RunTime:0.005687s ]
ERR: 无法加载模块:Favicon

[ 2016-09-20T10:59:05+08:00 ] ::1 /Public/images/admin/BG0.png
INFO: [ app_init ] --START--
INFO: Run Behavior\BuildLiteBehavior [ RunTime:0.000018s ]
INFO: [ app_init ] --END-- [ RunTime:0.000638s ]
ERR: 无法加载模块:Public

