[ 2016-08-19T09:29:34+08:00 ] ::1 /favicon.ico
INFO: [ app_init ] --START--
INFO: Run Behavior\BuildLiteBehavior [ RunTime:0.000000s ]
INFO: [ app_init ] --END-- [ RunTime:0.000000s ]
ERR: 无法加载模块:Favicon

[ 2016-08-19T09:29:34+08:00 ] ::1 /favicon.ico
INFO: [ app_init ] --START--
INFO: Run Behavior\BuildLiteBehavior [ RunTime:0.000000s ]
INFO: [ app_init ] --END-- [ RunTime:0.000000s ]
ERR: 无法加载模块:Favicon

[ 2016-08-19T09:29:41+08:00 ] ::1 /localhost
INFO: [ app_init ] --START--
INFO: Run Behavior\BuildLiteBehavior [ RunTime:0.000000s ]
INFO: [ app_init ] --END-- [ RunTime:0.001000s ]
ERR: 无法加载模块:Localhost

[ 2016-08-19T09:35:31+08:00 ] 127.0.0.1 /a.htm?pv=1&sp=3686,1,0,0,0,1,1,22&ec=gbk&re=1366,768&jsv=7&cb=1577436843&seq=1&fs=4
INFO: [ app_init ] --START--
INFO: Run Behavior\BuildLiteBehavior [ RunTime:0.000000s ]
INFO: [ app_init ] --END-- [ RunTime:0.001001s ]
ERR: 无法加载模块:A

[ 2016-08-19T09:35:32+08:00 ] 127.0.0.1 /a.htm?pv=1&sp=5457,1,0,0,0,1,1,22&ec=gbk&re=1366,768&jsv=7&cb=102390538&seq=2&fs=5
INFO: [ app_init ] --START--
INFO: Run Behavior\BuildLiteBehavior [ RunTime:0.000000s ]
INFO: [ app_init ] --END-- [ RunTime:0.001000s ]
ERR: 无法加载模块:A

[ 2016-08-19T09:35:32+08:00 ] 127.0.0.1 /a.htm?pv=1&sp=5458,1,0,0,0,1,1,22&ec=gbk&re=1366,768&jsv=7&cb=9570294122&seq=3&fs=5
INFO: [ app_init ] --START--
INFO: Run Behavior\BuildLiteBehavior [ RunTime:0.000000s ]
INFO: [ app_init ] --END-- [ RunTime:0.000000s ]
ERR: 无法加载模块:A

[ 2016-08-19T09:35:32+08:00 ] 127.0.0.1 /a.htm?pv=1&sp=3685,1,0,0,0,1,1,22&ec=gbk&re=1366,768&jsv=7&cb=7290105202&seq=4&fs=5
INFO: [ app_init ] --START--
INFO: Run Behavior\BuildLiteBehavior [ RunTime:0.000000s ]
INFO: [ app_init ] --END-- [ RunTime:0.001000s ]
ERR: 无法加载模块:A

[ 2016-08-19T09:35:32+08:00 ] 127.0.0.1 /a.htm?pv=1&sp=5461,1,0,0,0,1,1,22&ec=gbk&re=1366,768&jsv=7&cb=9000433862&seq=5&fs=1
INFO: [ app_init ] --START--
INFO: Run Behavior\BuildLiteBehavior [ RunTime:0.000000s ]
INFO: [ app_init ] --END-- [ RunTime:0.000000s ]
ERR: 无法加载模块:A

[ 2016-08-19T09:35:32+08:00 ] 127.0.0.1 /a.htm?pv=1&sp=5460,1,0,0,0,1,1,22&ec=gbk&re=1366,768&jsv=7&cb=9405493125&seq=6&fs=1
INFO: [ app_init ] --START--
INFO: Run Behavior\BuildLiteBehavior [ RunTime:0.000000s ]
INFO: [ app_init ] --END-- [ RunTime:0.000000s ]
ERR: 无法加载模块:A

[ 2016-08-19T09:35:32+08:00 ] 127.0.0.1 /a.htm?pv=1&sp=5459,1,0,0,0,1,1,22&ec=gbk&re=1366,768&jsv=7&cb=9775197195&seq=7&fs=5
INFO: [ app_init ] --START--
INFO: Run Behavior\BuildLiteBehavior [ RunTime:0.000000s ]
INFO: [ app_init ] --END-- [ RunTime:0.000000s ]
ERR: 无法加载模块:A

[ 2016-08-19T09:35:32+08:00 ] 127.0.0.1 /a.htm?pv=1&sp=4531,1,0,0,0,1,1,22&ec=gbk&re=1366,768&purl=http%3A%2F%2Fwww.sogou.com%2Flink%3Furl%3DBluioFHAuoH7VhKxWQcN_135ytdi1vDytybBCpGKWXMuKmaN2JJ1f63mlRzfPLR2%26query%3D999%25E6%2584%259F%25E5%2586%2592%25E7%2581%25B5%25E9%25A2%2597%25E7%25B2%2592%25E5%25A4%259A%25E5%25B0%2591%25E9%2592%25B1&jsv=7&cb=9592689240&seq=8&fs=1
INFO: [ app_init ] --START--
INFO: Run Behavior\BuildLiteBehavior [ RunTime:0.000000s ]
INFO: [ app_init ] --END-- [ RunTime:0.000000s ]
ERR: 无法加载模块:A

[ 2016-08-19T09:35:33+08:00 ] 127.0.0.1 /a.htm?pv=1&sp=5558,1,0,0,0,1,1,22&ec=gbk&re=1366,768&purl=http%3A%2F%2Fwww.sogou.com%2Flink%3Furl%3DBluioFHAuoH7VhKxWQcN_135ytdi1vDytybBCpGKWXMuKmaN2JJ1f63mlRzfPLR2%26query%3D999%25E6%2584%259F%25E5%2586%2592%25E7%2581%25B5%25E9%25A2%2597%25E7%25B2%2592%25E5%25A4%259A%25E5%25B0%2591%25E9%2592%25B1&jsv=7&cb=5214671997&seq=9&fs=2
INFO: [ app_init ] --START--
INFO: Run Behavior\BuildLiteBehavior [ RunTime:0.000000s ]
INFO: [ app_init ] --END-- [ RunTime:0.001000s ]
ERR: 无法加载模块:A

[ 2016-08-19T09:37:46+08:00 ] ::1 /favicon.ico
INFO: [ app_init ] --START--
INFO: Run Behavior\BuildLiteBehavior [ RunTime:0.000000s ]
INFO: [ app_init ] --END-- [ RunTime:0.001000s ]
ERR: 无法加载模块:Favicon

[ 2016-08-19T09:37:56+08:00 ] ::1 /favicon.ico
INFO: [ app_init ] --START--
INFO: Run Behavior\BuildLiteBehavior [ RunTime:0.000000s ]
INFO: [ app_init ] --END-- [ RunTime:0.000000s ]
ERR: 无法加载模块:Favicon

[ 2016-08-19T09:45:24+08:00 ] ::1 /favicon.ico
INFO: [ app_init ] --START--
INFO: Run Behavior\BuildLiteBehavior [ RunTime:0.000000s ]
INFO: [ app_init ] --END-- [ RunTime:0.001000s ]
ERR: 无法加载模块:Favicon

[ 2016-08-19T09:45:26+08:00 ] ::1 /favicon.ico
INFO: [ app_init ] --START--
INFO: Run Behavior\BuildLiteBehavior [ RunTime:0.000000s ]
INFO: [ app_init ] --END-- [ RunTime:0.000000s ]
ERR: 无法加载模块:Favicon

[ 2016-08-19T14:46:15+08:00 ] ::1 /favicon.ico
INFO: [ app_init ] --START--
INFO: Run Behavior\BuildLiteBehavior [ RunTime:0.000000s ]
INFO: [ app_init ] --END-- [ RunTime:0.030002s ]
ERR: 无法加载模块:Favicon

[ 2016-08-19T14:46:15+08:00 ] ::1 /favicon.ico
INFO: [ app_init ] --START--
INFO: Run Behavior\BuildLiteBehavior [ RunTime:0.000000s ]
INFO: [ app_init ] --END-- [ RunTime:0.000000s ]
ERR: 无法加载模块:Favicon

[ 2016-08-19T14:56:10+08:00 ] ::1 /favicon.ico
INFO: [ app_init ] --START--
INFO: Run Behavior\BuildLiteBehavior [ RunTime:0.000000s ]
INFO: [ app_init ] --END-- [ RunTime:0.001000s ]
ERR: 无法加载模块:Favicon

[ 2016-08-19T14:56:11+08:00 ] ::1 /favicon.ico
INFO: [ app_init ] --START--
INFO: Run Behavior\BuildLiteBehavior [ RunTime:0.000000s ]
INFO: [ app_init ] --END-- [ RunTime:0.000000s ]
ERR: 无法加载模块:Favicon

