[ 2016-09-28T16:19:13+08:00 ] ::1 /Public/images/admin/%E7%9B%96%E7%AB%A0%E7%94%B3%E8%AF%B7.png
INFO: [ app_init ] --START--
INFO: Run Behavior\BuildLiteBehavior [ RunTime:0.000027s ]
INFO: [ app_init ] --END-- [ RunTime:0.001237s ]
ERR: 无法加载模块:Public

[ 2016-09-28T16:19:18+08:00 ] ::1 /Public/images/admin/%E7%9B%96%E7%AB%A0%E7%94%B3%E8%AF%B71.png
INFO: [ app_init ] --START--
INFO: Run Behavior\BuildLiteBehavior [ RunTime:0.000019s ]
INFO: [ app_init ] --END-- [ RunTime:0.000669s ]
ERR: 无法加载模块:Public

[ 2016-09-28T16:19:19+08:00 ] ::1 /Public/images/admin/%E7%9B%96%E7%AB%A0%E7%94%B3%E8%AF%B7.png
INFO: [ app_init ] --START--
INFO: Run Behavior\BuildLiteBehavior [ RunTime:0.000015s ]
INFO: [ app_init ] --END-- [ RunTime:0.000584s ]
ERR: 无法加载模块:Public

[ 2016-09-28T16:19:20+08:00 ] ::1 /Public/images/admin/%E7%9B%96%E7%AB%A0%E7%94%B3%E8%AF%B71.png
INFO: [ app_init ] --START--
INFO: Run Behavior\BuildLiteBehavior [ RunTime:0.000019s ]
INFO: [ app_init ] --END-- [ RunTime:0.000606s ]
ERR: 无法加载模块:Public

[ 2016-09-28T16:19:20+08:00 ] ::1 /Public/images/admin/%E7%9B%96%E7%AB%A0%E7%94%B3%E8%AF%B7.png
INFO: [ app_init ] --START--
INFO: Run Behavior\BuildLiteBehavior [ RunTime:0.000014s ]
INFO: [ app_init ] --END-- [ RunTime:0.000558s ]
ERR: 无法加载模块:Public

[ 2016-09-28T16:19:26+08:00 ] ::1 /Public/images/admin/%E7%9B%96%E7%AB%A0%E7%94%B3%E8%AF%B71.png
INFO: [ app_init ] --START--
INFO: Run Behavior\BuildLiteBehavior [ RunTime:0.000021s ]
INFO: [ app_init ] --END-- [ RunTime:0.000781s ]
ERR: 无法加载模块:Public

[ 2016-09-28T16:19:26+08:00 ] ::1 /Public/images/admin/%E7%9B%96%E7%AB%A0%E7%94%B3%E8%AF%B7.png
INFO: [ app_init ] --START--
INFO: Run Behavior\BuildLiteBehavior [ RunTime:0.000011s ]
INFO: [ app_init ] --END-- [ RunTime:0.000420s ]
ERR: 无法加载模块:Public

[ 2016-09-28T16:19:28+08:00 ] ::1 /Public/images/admin/%E7%9B%96%E7%AB%A0%E7%94%B3%E8%AF%B71.png
INFO: [ app_init ] --START--
INFO: Run Behavior\BuildLiteBehavior [ RunTime:0.000012s ]
INFO: [ app_init ] --END-- [ RunTime:0.000513s ]
ERR: 无法加载模块:Public

[ 2016-09-28T16:19:28+08:00 ] ::1 /Public/images/admin/%E7%9B%96%E7%AB%A0%E7%94%B3%E8%AF%B7.png
INFO: [ app_init ] --START--
INFO: Run Behavior\BuildLiteBehavior [ RunTime:0.000012s ]
INFO: [ app_init ] --END-- [ RunTime:0.000465s ]
ERR: 无法加载模块:Public

[ 2016-09-28T16:19:28+08:00 ] ::1 /Public/images/admin/%E7%9B%96%E7%AB%A0%E7%94%B3%E8%AF%B71.png
INFO: [ app_init ] --START--
INFO: Run Behavior\BuildLiteBehavior [ RunTime:0.000046s ]
INFO: [ app_init ] --END-- [ RunTime:0.000939s ]
ERR: 无法加载模块:Public

[ 2016-09-28T16:19:29+08:00 ] ::1 /Public/images/admin/%E7%9B%96%E7%AB%A0%E7%94%B3%E8%AF%B7.png
INFO: [ app_init ] --START--
INFO: Run Behavior\BuildLiteBehavior [ RunTime:0.000015s ]
INFO: [ app_init ] --END-- [ RunTime:0.000465s ]
ERR: 无法加载模块:Public

