[ 2016-10-10T11:34:32+08:00 ] ::1 /Uploads/portrait/2016-09-23/57e4f2b063712.png
INFO: [ app_init ] --START--
INFO: Run Behavior\BuildLiteBehavior [ RunTime:0.000018s ]
INFO: [ app_init ] --END-- [ RunTime:0.000588s ]
ERR: 无法加载模块:Uploads

[ 2016-10-10T11:34:37+08:00 ] ::1 /Uploads/portrait/2016-09-23/57e4f2b063712.png
INFO: [ app_init ] --START--
INFO: Run Behavior\BuildLiteBehavior [ RunTime:0.000013s ]
INFO: [ app_init ] --END-- [ RunTime:0.000422s ]
ERR: 无法加载模块:Uploads

[ 2016-10-10T11:34:38+08:00 ] ::1 /Uploads/portrait/2016-09-23/57e4f2b063712.png
INFO: [ app_init ] --START--
INFO: Run Behavior\BuildLiteBehavior [ RunTime:0.000020s ]
INFO: [ app_init ] --END-- [ RunTime:0.000622s ]
ERR: 无法加载模块:Uploads

[ 2016-10-10T11:34:41+08:00 ] ::1 /Uploads/portrait/2016-09-23/57e4f2b063712.png
INFO: [ app_init ] --START--
INFO: Run Behavior\BuildLiteBehavior [ RunTime:0.000022s ]
INFO: [ app_init ] --END-- [ RunTime:0.000511s ]
ERR: 无法加载模块:Uploads

[ 2016-10-10T11:34:41+08:00 ] ::1 /Uploads/portrait/2016-09-23/57e4f2b063712.png
INFO: [ app_init ] --START--
INFO: Run Behavior\BuildLiteBehavior [ RunTime:0.000024s ]
INFO: [ app_init ] --END-- [ RunTime:0.000660s ]
ERR: 无法加载模块:Uploads

[ 2016-10-10T11:37:32+08:00 ] ::1 /Uploads/portrait/2016-09-23/57e4f2b063712.png
INFO: [ app_init ] --START--
INFO: Run Behavior\BuildLiteBehavior [ RunTime:0.000016s ]
INFO: [ app_init ] --END-- [ RunTime:0.000526s ]
ERR: 无法加载模块:Uploads

[ 2016-10-10T11:37:32+08:00 ] ::1 /Uploads/portrait/2016-09-23/57e4f2b063712.png
INFO: [ app_init ] --START--
INFO: Run Behavior\BuildLiteBehavior [ RunTime:0.000013s ]
INFO: [ app_init ] --END-- [ RunTime:0.000517s ]
ERR: 无法加载模块:Uploads

[ 2016-10-10T16:42:00+08:00 ] ::1 /Uploads/portrait/2016-09-23/57e4f2b063712.png
INFO: [ app_init ] --START--
INFO: Run Behavior\BuildLiteBehavior [ RunTime:0.000019s ]
INFO: [ app_init ] --END-- [ RunTime:0.000712s ]
ERR: 无法加载模块:Uploads

[ 2016-10-10T16:42:00+08:00 ] ::1 /Uploads/portrait/2016-09-23/57e4f2b063712.png
INFO: [ app_init ] --START--
INFO: Run Behavior\BuildLiteBehavior [ RunTime:0.000022s ]
INFO: [ app_init ] --END-- [ RunTime:0.000857s ]
ERR: 无法加载模块:Uploads

