[ 2016-10-11T09:35:02+08:00 ] ::1 /Uploads/portrait/2016-09-23/57e4f2b063712.png
INFO: [ app_init ] --START--
INFO: Run Behavior\BuildLiteBehavior [ RunTime:0.000020s ]
INFO: [ app_init ] --END-- [ RunTime:0.000502s ]
ERR: 无法加载模块:Uploads

[ 2016-10-11T09:35:02+08:00 ] ::1 /Uploads/portrait/2016-09-23/57e4f2b063712.png
INFO: [ app_init ] --START--
INFO: Run Behavior\BuildLiteBehavior [ RunTime:0.000020s ]
INFO: [ app_init ] --END-- [ RunTime:0.000697s ]
ERR: 无法加载模块:Uploads

[ 2016-10-11T09:35:03+08:00 ] ::1 /Uploads/portrait/2016-09-23/57e4f2b063712.png
INFO: [ app_init ] --START--
INFO: Run Behavior\BuildLiteBehavior [ RunTime:0.000013s ]
INFO: [ app_init ] --END-- [ RunTime:0.000402s ]
ERR: 无法加载模块:Uploads

[ 2016-10-11T09:40:27+08:00 ] ::1 /Uploads/portrait/2016-09-23/57e4f2b063712.png
INFO: [ app_init ] --START--
INFO: Run Behavior\BuildLiteBehavior [ RunTime:0.000028s ]
INFO: [ app_init ] --END-- [ RunTime:0.000993s ]
ERR: 无法加载模块:Uploads

[ 2016-10-11T09:40:27+08:00 ] ::1 /Uploads/portrait/2016-09-23/57e4f2b063712.png
INFO: [ app_init ] --START--
INFO: Run Behavior\BuildLiteBehavior [ RunTime:0.000021s ]
INFO: [ app_init ] --END-- [ RunTime:0.000630s ]
ERR: 无法加载模块:Uploads

[ 2016-10-11T10:17:03+08:00 ] ::1 /Uploads/portrait/2016-09-23/57e4f2b063712.png
INFO: [ app_init ] --START--
INFO: Run Behavior\BuildLiteBehavior [ RunTime:0.000021s ]
INFO: [ app_init ] --END-- [ RunTime:0.000769s ]
ERR: 无法加载模块:Uploads

[ 2016-10-11T10:17:03+08:00 ] ::1 /Uploads/portrait/2016-09-23/57e4f2b063712.png
INFO: [ app_init ] --START--
INFO: Run Behavior\BuildLiteBehavior [ RunTime:0.000023s ]
INFO: [ app_init ] --END-- [ RunTime:0.000747s ]
ERR: 无法加载模块:Uploads

[ 2016-10-11T10:28:12+08:00 ] ::1 /Uploads/portrait/2016-09-23/57e4f2b063712.png
INFO: [ app_init ] --START--
INFO: Run Behavior\BuildLiteBehavior [ RunTime:0.000013s ]
INFO: [ app_init ] --END-- [ RunTime:0.000461s ]
ERR: 无法加载模块:Uploads

[ 2016-10-11T10:28:12+08:00 ] ::1 /Uploads/portrait/2016-09-23/57e4f2b063712.png
INFO: [ app_init ] --START--
INFO: Run Behavior\BuildLiteBehavior [ RunTime:0.000032s ]
INFO: [ app_init ] --END-- [ RunTime:0.000532s ]
ERR: 无法加载模块:Uploads

[ 2016-10-11T10:28:21+08:00 ] ::1 /Uploads/portrait/2016-09-23/57e4f2b063712.png
INFO: [ app_init ] --START--
INFO: Run Behavior\BuildLiteBehavior [ RunTime:0.000013s ]
INFO: [ app_init ] --END-- [ RunTime:0.000477s ]
ERR: 无法加载模块:Uploads

[ 2016-10-11T10:28:21+08:00 ] ::1 /Uploads/portrait/2016-09-23/57e4f2b063712.png
INFO: [ app_init ] --START--
INFO: Run Behavior\BuildLiteBehavior [ RunTime:0.000014s ]
INFO: [ app_init ] --END-- [ RunTime:0.000472s ]
ERR: 无法加载模块:Uploads

[ 2016-10-11T10:29:20+08:00 ] ::1 /Uploads/portrait/2016-09-23/57e4f2b063712.png
INFO: [ app_init ] --START--
INFO: Run Behavior\BuildLiteBehavior [ RunTime:0.000013s ]
INFO: [ app_init ] --END-- [ RunTime:0.000466s ]
ERR: 无法加载模块:Uploads

[ 2016-10-11T10:29:20+08:00 ] ::1 /Uploads/portrait/2016-09-23/57e4f2b063712.png
INFO: [ app_init ] --START--
INFO: Run Behavior\BuildLiteBehavior [ RunTime:0.000013s ]
INFO: [ app_init ] --END-- [ RunTime:0.000442s ]
ERR: 无法加载模块:Uploads

[ 2016-10-11T14:18:50+08:00 ] ::1 /Uploads/portrait/2016-09-23/57e4f2b063712.png
INFO: [ app_init ] --START--
INFO: Run Behavior\BuildLiteBehavior [ RunTime:0.000022s ]
INFO: [ app_init ] --END-- [ RunTime:0.000785s ]
ERR: 无法加载模块:Uploads

[ 2016-10-11T14:18:54+08:00 ] ::1 /Uploads/portrait/2016-09-23/57e4f2b063712.png
INFO: [ app_init ] --START--
INFO: Run Behavior\BuildLiteBehavior [ RunTime:0.000014s ]
INFO: [ app_init ] --END-- [ RunTime:0.000483s ]
ERR: 无法加载模块:Uploads

[ 2016-10-11T14:20:11+08:00 ] ::1 /Uploads/portrait/2016-09-23/57e4f2b063712.png
INFO: [ app_init ] --START--
INFO: Run Behavior\BuildLiteBehavior [ RunTime:0.000020s ]
INFO: [ app_init ] --END-- [ RunTime:0.000697s ]
ERR: 无法加载模块:Uploads

