[ 2016-10-11T15:07:20+08:00 ] ::1 /Admin/Public/daiban.html
INFO: [ app_init ] --START--
INFO: Run Behavior\BuildLiteBehavior [ RunTime:0.000026s ]
INFO: [ app_init ] --END-- [ RunTime:0.000986s ]
INFO: [ app_begin ] --START--
INFO: Run Behavior\ReadHtmlCacheBehavior [ RunTime:0.000719s ]
INFO: [ app_begin ] --END-- [ RunTime:0.000780s ]
SQL: SHOW COLUMNS FROM `jd_groupl` [ RunTime:0.0171s ]
SQL: SELECT `group_name` FROM `jd_groupl` WHERE `id` = 1 LIMIT 1   [ RunTime:0.0003s ]
SQL: SHOW COLUMNS FROM `jd_diankuan` [ RunTime:0.0786s ]
SQL: SHOW COLUMNS FROM `jd_rbac` [ RunTime:0.0610s ]
SQL: SHOW COLUMNS FROM `jd_contract` [ RunTime:0.0854s ]
SQL: SELECT `audit_1`,`audit_2` FROM `jd_rbac` WHERE ( module = '/Admin/Contract' ) LIMIT 1   [ RunTime:0.0003s ]
SQL: SELECT COUNT(*) AS tp_count FROM `jd_contract` WHERE ( audit_1 =0 and isxufei=0 ) LIMIT 1   [ RunTime:0.0003s ]
NOTIC: [8] Undefined variable: rest E:\php\crm\Application\Admin\Common\function.php 第 222 行.
SQL: SELECT COUNT(*) AS tp_count FROM `jd_contract` WHERE ( audit_2 =0  and isxufei=0  and audit_1=1 ) LIMIT 1   [ RunTime:0.0003s ]
SQL: SELECT `audit_1`,`audit_2` FROM `jd_rbac` WHERE ( module = '/Admin/Renew' ) LIMIT 1   [ RunTime:0.0002s ]
SQL: SELECT COUNT(*) AS tp_count FROM `jd_contract` WHERE ( audit_1 =0 and isxufei=1 ) LIMIT 1   [ RunTime:0.0003s ]
SQL: SELECT COUNT(*) AS tp_count FROM `jd_contract` WHERE ( audit_2 =0  and isxufei=1  and audit_1=1 ) LIMIT 1   [ RunTime:0.0003s ]
SQL: SELECT `audit_1`,`audit_2` FROM `jd_rbac` WHERE ( module = '/Admin/Diankuan' ) LIMIT 1   [ RunTime:0.0003s ]
SQL: SELECT COUNT(*) AS tp_count FROM `jd_diankuan` WHERE ( audit_1 =0  ) LIMIT 1   [ RunTime:0.0003s ]
SQL: SELECT COUNT(*) AS tp_count FROM `jd_diankuan` WHERE ( audit_2 =0  and audit_1=1 ) LIMIT 1   [ RunTime:0.0003s ]
SQL: SHOW COLUMNS FROM `jd_refund` [ RunTime:0.0308s ]
SQL: SELECT `audit_1`,`audit_2` FROM `jd_rbac` WHERE ( module = '/Admin/Refund' ) LIMIT 1   [ RunTime:0.0003s ]
SQL: SELECT COUNT(*) AS tp_count FROM `jd_refund` WHERE ( audit_1 =0  ) LIMIT 1   [ RunTime:0.0003s ]
SQL: SELECT COUNT(*) AS tp_count FROM `jd_refund` WHERE ( audit_2 =0  and audit_1=1 ) LIMIT 1   [ RunTime:0.0003s ]
SQL: SHOW COLUMNS FROM `jd_invoice` [ RunTime:0.0042s ]
SQL: SELECT `audit_1`,`audit_2` FROM `jd_rbac` WHERE ( module = '/Admin/Invoice' ) LIMIT 1   [ RunTime:0.0003s ]
SQL: SELECT COUNT(*) AS tp_count FROM `jd_invoice` WHERE ( audit_1 =0  ) LIMIT 1   [ RunTime:0.0002s ]
SQL: SELECT COUNT(*) AS tp_count FROM `jd_invoice` WHERE ( audit_2 =0  and audit_1=1 ) LIMIT 1   [ RunTime:0.0002s ]
SQL: SHOW COLUMNS FROM `jd_refund_invoice` [ RunTime:0.0039s ]
SQL: SELECT `audit_1`,`audit_2` FROM `jd_rbac` WHERE ( module = '/Admin/RefundInvoice' ) LIMIT 1   [ RunTime:0.0003s ]
SQL: SELECT COUNT(*) AS tp_count FROM `jd_refund_invoice` WHERE ( audit_1 =0  ) LIMIT 1   [ RunTime:0.0003s ]
SQL: SELECT COUNT(*) AS tp_count FROM `jd_refund_invoice` WHERE ( audit_2 =0  and audit_1=1 ) LIMIT 1   [ RunTime:0.0003s ]
INFO: [ app_end ] --START--
INFO: Run Behavior\ShowPageTraceBehavior [ RunTime:0.000885s ]
INFO: [ app_end ] --END-- [ RunTime:0.000940s ]

[ 2016-10-11T15:07:20+08:00 ] ::1 /Admin/Public/txing.html
INFO: [ app_init ] --START--
INFO: Run Behavior\BuildLiteBehavior [ RunTime:0.000018s ]
INFO: [ app_init ] --END-- [ RunTime:0.000616s ]
INFO: [ app_begin ] --START--
INFO: Run Behavior\ReadHtmlCacheBehavior [ RunTime:0.000954s ]
INFO: [ app_begin ] --END-- [ RunTime:0.001042s ]
SQL: SHOW COLUMNS FROM `jd_email` [ RunTime:0.0036s ]
SQL: SHOW COLUMNS FROM `jd_users` [ RunTime:0.0034s ]
SQL: SELECT COUNT(*) AS tp_count FROM `jd_email` a left join jd_users b on a.users=b.id  WHERE ( a.s_users=16  and a.s_show=0 and a.tixing=0 and a.state=0 ) ORDER BY time desc LIMIT 1   [ RunTime:0.0004s ]
SQL: SELECT a.users,b.name FROM `jd_email` a left join jd_users b on a.users=b.id  WHERE ( a.s_users=16  and a.s_show=0 and a.tixing=0 and a.state=0 ) GROUP BY a.users ORDER BY time desc  [ RunTime:0.0004s ]
NOTIC: [8] Use of undefined constant count - assumed 'count' E:\php\crm\Application\Admin\Controller\PublicController.class.php 第 260 行.
NOTIC: [8] Use of undefined constant str - assumed 'str' E:\php\crm\Application\Admin\Controller\PublicController.class.php 第 261 行.
NOTIC: [8] Undefined variable: name E:\php\crm\Application\Admin\Controller\PublicController.class.php 第 261 行.
SQL: UPDATE `jd_email` SET `tixing`='1' WHERE ( s_users=16 and tixing=0 ) [ RunTime:0.0004s ]

[ 2016-10-11T15:07:30+08:00 ] ::1 /Admin/Public/txing.html
INFO: [ app_init ] --START--
INFO: Run Behavior\BuildLiteBehavior [ RunTime:0.000035s ]
INFO: [ app_init ] --END-- [ RunTime:0.001381s ]
INFO: [ app_begin ] --START--
INFO: Run Behavior\ReadHtmlCacheBehavior [ RunTime:0.001337s ]
INFO: [ app_begin ] --END-- [ RunTime:0.001441s ]
SQL: SHOW COLUMNS FROM `jd_email` [ RunTime:0.0066s ]
SQL: SHOW COLUMNS FROM `jd_users` [ RunTime:0.0045s ]
SQL: SELECT COUNT(*) AS tp_count FROM `jd_email` a left join jd_users b on a.users=b.id  WHERE ( a.s_users=16  and a.s_show=0 and a.tixing=0 and a.state=0 ) ORDER BY time desc LIMIT 1   [ RunTime:0.0006s ]
SQL: SELECT a.users,b.name FROM `jd_email` a left join jd_users b on a.users=b.id  WHERE ( a.s_users=16  and a.s_show=0 and a.tixing=0 and a.state=0 ) GROUP BY a.users ORDER BY time desc  [ RunTime:0.0005s ]
NOTIC: [8] Use of undefined constant count - assumed 'count' E:\php\crm\Application\Admin\Controller\PublicController.class.php 第 260 行.
NOTIC: [8] Use of undefined constant str - assumed 'str' E:\php\crm\Application\Admin\Controller\PublicController.class.php 第 261 行.
NOTIC: [8] Undefined variable: name E:\php\crm\Application\Admin\Controller\PublicController.class.php 第 261 行.
SQL: UPDATE `jd_email` SET `tixing`='1' WHERE ( s_users=16 and tixing=0 ) [ RunTime:0.0004s ]

[ 2016-10-11T15:07:30+08:00 ] ::1 /Admin/Public/daiban.html
INFO: [ app_init ] --START--
INFO: Run Behavior\BuildLiteBehavior [ RunTime:0.000025s ]
INFO: [ app_init ] --END-- [ RunTime:0.000947s ]
INFO: [ app_begin ] --START--
INFO: Run Behavior\ReadHtmlCacheBehavior [ RunTime:0.000910s ]
INFO: [ app_begin ] --END-- [ RunTime:0.000977s ]
SQL: SHOW COLUMNS FROM `jd_groupl` [ RunTime:0.0041s ]
SQL: SELECT `group_name` FROM `jd_groupl` WHERE `id` = 1 LIMIT 1   [ RunTime:0.0003s ]
SQL: SHOW COLUMNS FROM `jd_diankuan` [ RunTime:0.0071s ]
SQL: SHOW COLUMNS FROM `jd_rbac` [ RunTime:0.0068s ]
SQL: SHOW COLUMNS FROM `jd_contract` [ RunTime:0.0052s ]
SQL: SELECT `audit_1`,`audit_2` FROM `jd_rbac` WHERE ( module = '/Admin/Contract' ) LIMIT 1   [ RunTime:0.0004s ]
SQL: SELECT COUNT(*) AS tp_count FROM `jd_contract` WHERE ( audit_1 =0 and isxufei=0 ) LIMIT 1   [ RunTime:0.0003s ]
NOTIC: [8] Undefined variable: rest E:\php\crm\Application\Admin\Common\function.php 第 222 行.
SQL: SELECT COUNT(*) AS tp_count FROM `jd_contract` WHERE ( audit_2 =0  and isxufei=0  and audit_1=1 ) LIMIT 1   [ RunTime:0.0003s ]
SQL: SELECT `audit_1`,`audit_2` FROM `jd_rbac` WHERE ( module = '/Admin/Renew' ) LIMIT 1   [ RunTime:0.0003s ]
SQL: SELECT COUNT(*) AS tp_count FROM `jd_contract` WHERE ( audit_1 =0 and isxufei=1 ) LIMIT 1   [ RunTime:0.0005s ]
SQL: SELECT COUNT(*) AS tp_count FROM `jd_contract` WHERE ( audit_2 =0  and isxufei=1  and audit_1=1 ) LIMIT 1   [ RunTime:0.0003s ]
SQL: SELECT `audit_1`,`audit_2` FROM `jd_rbac` WHERE ( module = '/Admin/Diankuan' ) LIMIT 1   [ RunTime:0.0003s ]
SQL: SELECT COUNT(*) AS tp_count FROM `jd_diankuan` WHERE ( audit_1 =0  ) LIMIT 1   [ RunTime:0.0002s ]
SQL: SELECT COUNT(*) AS tp_count FROM `jd_diankuan` WHERE ( audit_2 =0  and audit_1=1 ) LIMIT 1   [ RunTime:0.0002s ]
SQL: SHOW COLUMNS FROM `jd_refund` [ RunTime:0.0045s ]
SQL: SELECT `audit_1`,`audit_2` FROM `jd_rbac` WHERE ( module = '/Admin/Refund' ) LIMIT 1   [ RunTime:0.0005s ]
SQL: SELECT COUNT(*) AS tp_count FROM `jd_refund` WHERE ( audit_1 =0  ) LIMIT 1   [ RunTime:0.0005s ]
SQL: SELECT COUNT(*) AS tp_count FROM `jd_refund` WHERE ( audit_2 =0  and audit_1=1 ) LIMIT 1   [ RunTime:0.0021s ]
SQL: SHOW COLUMNS FROM `jd_invoice` [ RunTime:0.0059s ]
SQL: SELECT `audit_1`,`audit_2` FROM `jd_rbac` WHERE ( module = '/Admin/Invoice' ) LIMIT 1   [ RunTime:0.0004s ]
SQL: SELECT COUNT(*) AS tp_count FROM `jd_invoice` WHERE ( audit_1 =0  ) LIMIT 1   [ RunTime:0.0003s ]
SQL: SELECT COUNT(*) AS tp_count FROM `jd_invoice` WHERE ( audit_2 =0  and audit_1=1 ) LIMIT 1   [ RunTime:0.0004s ]
SQL: SHOW COLUMNS FROM `jd_refund_invoice` [ RunTime:0.0100s ]
SQL: SELECT `audit_1`,`audit_2` FROM `jd_rbac` WHERE ( module = '/Admin/RefundInvoice' ) LIMIT 1   [ RunTime:0.0003s ]
SQL: SELECT COUNT(*) AS tp_count FROM `jd_refund_invoice` WHERE ( audit_1 =0  ) LIMIT 1   [ RunTime:0.0002s ]
SQL: SELECT COUNT(*) AS tp_count FROM `jd_refund_invoice` WHERE ( audit_2 =0  and audit_1=1 ) LIMIT 1   [ RunTime:0.0002s ]
INFO: [ app_end ] --START--
INFO: Run Behavior\ShowPageTraceBehavior [ RunTime:0.000953s ]
INFO: [ app_end ] --END-- [ RunTime:0.001025s ]

[ 2016-10-11T15:07:40+08:00 ] ::1 /Admin/Public/txing.html
INFO: [ app_init ] --START--
INFO: Run Behavior\BuildLiteBehavior [ RunTime:0.000017s ]
INFO: [ app_init ] --END-- [ RunTime:0.000498s ]
INFO: [ app_begin ] --START--
INFO: Run Behavior\ReadHtmlCacheBehavior [ RunTime:0.000532s ]
INFO: [ app_begin ] --END-- [ RunTime:0.000597s ]
SQL: SHOW COLUMNS FROM `jd_email` [ RunTime:0.0082s ]
SQL: SHOW COLUMNS FROM `jd_users` [ RunTime:0.0520s ]
SQL: SELECT COUNT(*) AS tp_count FROM `jd_email` a left join jd_users b on a.users=b.id  WHERE ( a.s_users=16  and a.s_show=0 and a.tixing=0 and a.state=0 ) ORDER BY time desc LIMIT 1   [ RunTime:0.0005s ]
SQL: SELECT a.users,b.name FROM `jd_email` a left join jd_users b on a.users=b.id  WHERE ( a.s_users=16  and a.s_show=0 and a.tixing=0 and a.state=0 ) GROUP BY a.users ORDER BY time desc  [ RunTime:0.0005s ]
NOTIC: [8] Use of undefined constant count - assumed 'count' E:\php\crm\Application\Admin\Controller\PublicController.class.php 第 260 行.
NOTIC: [8] Use of undefined constant str - assumed 'str' E:\php\crm\Application\Admin\Controller\PublicController.class.php 第 261 行.
NOTIC: [8] Undefined variable: name E:\php\crm\Application\Admin\Controller\PublicController.class.php 第 261 行.
SQL: UPDATE `jd_email` SET `tixing`='1' WHERE ( s_users=16 and tixing=0 ) [ RunTime:0.0003s ]

[ 2016-10-11T15:07:40+08:00 ] ::1 /Admin/Public/daiban.html
INFO: [ app_init ] --START--
INFO: Run Behavior\BuildLiteBehavior [ RunTime:0.000012s ]
INFO: [ app_init ] --END-- [ RunTime:0.000445s ]
INFO: [ app_begin ] --START--
INFO: Run Behavior\ReadHtmlCacheBehavior [ RunTime:0.000673s ]
INFO: [ app_begin ] --END-- [ RunTime:0.000727s ]
SQL: SHOW COLUMNS FROM `jd_groupl` [ RunTime:0.0042s ]
SQL: SELECT `group_name` FROM `jd_groupl` WHERE `id` = 1 LIMIT 1   [ RunTime:0.0003s ]
SQL: SHOW COLUMNS FROM `jd_diankuan` [ RunTime:0.0048s ]
SQL: SHOW COLUMNS FROM `jd_rbac` [ RunTime:0.0040s ]
SQL: SHOW COLUMNS FROM `jd_contract` [ RunTime:0.0034s ]
SQL: SELECT `audit_1`,`audit_2` FROM `jd_rbac` WHERE ( module = '/Admin/Contract' ) LIMIT 1   [ RunTime:0.0003s ]
SQL: SELECT COUNT(*) AS tp_count FROM `jd_contract` WHERE ( audit_1 =0 and isxufei=0 ) LIMIT 1   [ RunTime:0.0002s ]
NOTIC: [8] Undefined variable: rest E:\php\crm\Application\Admin\Common\function.php 第 222 行.
SQL: SELECT COUNT(*) AS tp_count FROM `jd_contract` WHERE ( audit_2 =0  and isxufei=0  and audit_1=1 ) LIMIT 1   [ RunTime:0.0003s ]
SQL: SELECT `audit_1`,`audit_2` FROM `jd_rbac` WHERE ( module = '/Admin/Renew' ) LIMIT 1   [ RunTime:0.0003s ]
SQL: SELECT COUNT(*) AS tp_count FROM `jd_contract` WHERE ( audit_1 =0 and isxufei=1 ) LIMIT 1   [ RunTime:0.0002s ]
SQL: SELECT COUNT(*) AS tp_count FROM `jd_contract` WHERE ( audit_2 =0  and isxufei=1  and audit_1=1 ) LIMIT 1   [ RunTime:0.0003s ]
SQL: SELECT `audit_1`,`audit_2` FROM `jd_rbac` WHERE ( module = '/Admin/Diankuan' ) LIMIT 1   [ RunTime:0.0003s ]
SQL: SELECT COUNT(*) AS tp_count FROM `jd_diankuan` WHERE ( audit_1 =0  ) LIMIT 1   [ RunTime:0.0003s ]
SQL: SELECT COUNT(*) AS tp_count FROM `jd_diankuan` WHERE ( audit_2 =0  and audit_1=1 ) LIMIT 1   [ RunTime:0.0003s ]
SQL: SHOW COLUMNS FROM `jd_refund` [ RunTime:0.0059s ]
SQL: SELECT `audit_1`,`audit_2` FROM `jd_rbac` WHERE ( module = '/Admin/Refund' ) LIMIT 1   [ RunTime:0.0003s ]
SQL: SELECT COUNT(*) AS tp_count FROM `jd_refund` WHERE ( audit_1 =0  ) LIMIT 1   [ RunTime:0.0002s ]
SQL: SELECT COUNT(*) AS tp_count FROM `jd_refund` WHERE ( audit_2 =0  and audit_1=1 ) LIMIT 1   [ RunTime:0.0002s ]
SQL: SHOW COLUMNS FROM `jd_invoice` [ RunTime:0.0038s ]
SQL: SELECT `audit_1`,`audit_2` FROM `jd_rbac` WHERE ( module = '/Admin/Invoice' ) LIMIT 1   [ RunTime:0.0003s ]
SQL: SELECT COUNT(*) AS tp_count FROM `jd_invoice` WHERE ( audit_1 =0  ) LIMIT 1   [ RunTime:0.0003s ]
SQL: SELECT COUNT(*) AS tp_count FROM `jd_invoice` WHERE ( audit_2 =0  and audit_1=1 ) LIMIT 1   [ RunTime:0.0002s ]
SQL: SHOW COLUMNS FROM `jd_refund_invoice` [ RunTime:0.0044s ]
SQL: SELECT `audit_1`,`audit_2` FROM `jd_rbac` WHERE ( module = '/Admin/RefundInvoice' ) LIMIT 1   [ RunTime:0.0003s ]
SQL: SELECT COUNT(*) AS tp_count FROM `jd_refund_invoice` WHERE ( audit_1 =0  ) LIMIT 1   [ RunTime:0.0002s ]
SQL: SELECT COUNT(*) AS tp_count FROM `jd_refund_invoice` WHERE ( audit_2 =0  and audit_1=1 ) LIMIT 1   [ RunTime:0.0002s ]
INFO: [ app_end ] --START--
INFO: Run Behavior\ShowPageTraceBehavior [ RunTime:0.000834s ]
INFO: [ app_end ] --END-- [ RunTime:0.000875s ]

[ 2016-10-11T15:07:50+08:00 ] ::1 /Admin/Public/txing.html
INFO: [ app_init ] --START--
INFO: Run Behavior\BuildLiteBehavior [ RunTime:0.000019s ]
INFO: [ app_init ] --END-- [ RunTime:0.000600s ]
INFO: [ app_begin ] --START--
INFO: Run Behavior\ReadHtmlCacheBehavior [ RunTime:0.000738s ]
INFO: [ app_begin ] --END-- [ RunTime:0.000816s ]
SQL: SHOW COLUMNS FROM `jd_email` [ RunTime:0.0040s ]
SQL: SHOW COLUMNS FROM `jd_users` [ RunTime:0.0036s ]
SQL: SELECT COUNT(*) AS tp_count FROM `jd_email` a left join jd_users b on a.users=b.id  WHERE ( a.s_users=16  and a.s_show=0 and a.tixing=0 and a.state=0 ) ORDER BY time desc LIMIT 1   [ RunTime:0.0004s ]
SQL: SELECT a.users,b.name FROM `jd_email` a left join jd_users b on a.users=b.id  WHERE ( a.s_users=16  and a.s_show=0 and a.tixing=0 and a.state=0 ) GROUP BY a.users ORDER BY time desc  [ RunTime:0.0004s ]
NOTIC: [8] Use of undefined constant count - assumed 'count' E:\php\crm\Application\Admin\Controller\PublicController.class.php 第 260 行.
NOTIC: [8] Use of undefined constant str - assumed 'str' E:\php\crm\Application\Admin\Controller\PublicController.class.php 第 261 行.
NOTIC: [8] Undefined variable: name E:\php\crm\Application\Admin\Controller\PublicController.class.php 第 261 行.
SQL: UPDATE `jd_email` SET `tixing`='1' WHERE ( s_users=16 and tixing=0 ) [ RunTime:0.0004s ]

[ 2016-10-11T15:07:50+08:00 ] ::1 /Admin/Public/daiban.html
INFO: [ app_init ] --START--
INFO: Run Behavior\BuildLiteBehavior [ RunTime:0.000016s ]
INFO: [ app_init ] --END-- [ RunTime:0.000599s ]
INFO: [ app_begin ] --START--
INFO: Run Behavior\ReadHtmlCacheBehavior [ RunTime:0.000725s ]
INFO: [ app_begin ] --END-- [ RunTime:0.000787s ]
SQL: SHOW COLUMNS FROM `jd_groupl` [ RunTime:0.0033s ]
SQL: SELECT `group_name` FROM `jd_groupl` WHERE `id` = 1 LIMIT 1   [ RunTime:0.0003s ]
SQL: SHOW COLUMNS FROM `jd_diankuan` [ RunTime:0.0036s ]
SQL: SHOW COLUMNS FROM `jd_rbac` [ RunTime:0.0050s ]
SQL: SHOW COLUMNS FROM `jd_contract` [ RunTime:0.0036s ]
SQL: SELECT `audit_1`,`audit_2` FROM `jd_rbac` WHERE ( module = '/Admin/Contract' ) LIMIT 1   [ RunTime:0.0003s ]
SQL: SELECT COUNT(*) AS tp_count FROM `jd_contract` WHERE ( audit_1 =0 and isxufei=0 ) LIMIT 1   [ RunTime:0.0004s ]
NOTIC: [8] Undefined variable: rest E:\php\crm\Application\Admin\Common\function.php 第 222 行.
SQL: SELECT COUNT(*) AS tp_count FROM `jd_contract` WHERE ( audit_2 =0  and isxufei=0  and audit_1=1 ) LIMIT 1   [ RunTime:0.0003s ]
SQL: SELECT `audit_1`,`audit_2` FROM `jd_rbac` WHERE ( module = '/Admin/Renew' ) LIMIT 1   [ RunTime:0.0003s ]
SQL: SELECT COUNT(*) AS tp_count FROM `jd_contract` WHERE ( audit_1 =0 and isxufei=1 ) LIMIT 1   [ RunTime:0.0002s ]
SQL: SELECT COUNT(*) AS tp_count FROM `jd_contract` WHERE ( audit_2 =0  and isxufei=1  and audit_1=1 ) LIMIT 1   [ RunTime:0.0003s ]
SQL: SELECT `audit_1`,`audit_2` FROM `jd_rbac` WHERE ( module = '/Admin/Diankuan' ) LIMIT 1   [ RunTime:0.0003s ]
SQL: SELECT COUNT(*) AS tp_count FROM `jd_diankuan` WHERE ( audit_1 =0  ) LIMIT 1   [ RunTime:0.0002s ]
SQL: SELECT COUNT(*) AS tp_count FROM `jd_diankuan` WHERE ( audit_2 =0  and audit_1=1 ) LIMIT 1   [ RunTime:0.0003s ]
SQL: SHOW COLUMNS FROM `jd_refund` [ RunTime:0.0042s ]
SQL: SELECT `audit_1`,`audit_2` FROM `jd_rbac` WHERE ( module = '/Admin/Refund' ) LIMIT 1   [ RunTime:0.0003s ]
SQL: SELECT COUNT(*) AS tp_count FROM `jd_refund` WHERE ( audit_1 =0  ) LIMIT 1   [ RunTime:0.0002s ]
SQL: SELECT COUNT(*) AS tp_count FROM `jd_refund` WHERE ( audit_2 =0  and audit_1=1 ) LIMIT 1   [ RunTime:0.0002s ]
SQL: SHOW COLUMNS FROM `jd_invoice` [ RunTime:0.0055s ]
SQL: SELECT `audit_1`,`audit_2` FROM `jd_rbac` WHERE ( module = '/Admin/Invoice' ) LIMIT 1   [ RunTime:0.0004s ]
SQL: SELECT COUNT(*) AS tp_count FROM `jd_invoice` WHERE ( audit_1 =0  ) LIMIT 1   [ RunTime:0.0003s ]
SQL: SELECT COUNT(*) AS tp_count FROM `jd_invoice` WHERE ( audit_2 =0  and audit_1=1 ) LIMIT 1   [ RunTime:0.0004s ]
SQL: SHOW COLUMNS FROM `jd_refund_invoice` [ RunTime:0.0042s ]
SQL: SELECT `audit_1`,`audit_2` FROM `jd_rbac` WHERE ( module = '/Admin/RefundInvoice' ) LIMIT 1   [ RunTime:0.0003s ]
SQL: SELECT COUNT(*) AS tp_count FROM `jd_refund_invoice` WHERE ( audit_1 =0  ) LIMIT 1   [ RunTime:0.0002s ]
SQL: SELECT COUNT(*) AS tp_count FROM `jd_refund_invoice` WHERE ( audit_2 =0  and audit_1=1 ) LIMIT 1   [ RunTime:0.0002s ]
INFO: [ app_end ] --START--
INFO: Run Behavior\ShowPageTraceBehavior [ RunTime:0.000898s ]
INFO: [ app_end ] --END-- [ RunTime:0.000944s ]

[ 2016-10-11T15:08:00+08:00 ] ::1 /Admin/Public/daiban.html
INFO: [ app_init ] --START--
INFO: Run Behavior\BuildLiteBehavior [ RunTime:0.000013s ]
INFO: [ app_init ] --END-- [ RunTime:0.000492s ]
INFO: [ app_begin ] --START--
INFO: Run Behavior\ReadHtmlCacheBehavior [ RunTime:0.000942s ]
INFO: [ app_begin ] --END-- [ RunTime:0.001021s ]
SQL: SHOW COLUMNS FROM `jd_groupl` [ RunTime:0.0214s ]
SQL: SELECT `group_name` FROM `jd_groupl` WHERE `id` = 1 LIMIT 1   [ RunTime:0.0003s ]
SQL: SHOW COLUMNS FROM `jd_diankuan` [ RunTime:0.0522s ]
SQL: SHOW COLUMNS FROM `jd_rbac` [ RunTime:0.0876s ]
SQL: SHOW COLUMNS FROM `jd_contract` [ RunTime:0.0398s ]
SQL: SELECT `audit_1`,`audit_2` FROM `jd_rbac` WHERE ( module = '/Admin/Contract' ) LIMIT 1   [ RunTime:0.0003s ]
SQL: SELECT COUNT(*) AS tp_count FROM `jd_contract` WHERE ( audit_1 =0 and isxufei=0 ) LIMIT 1   [ RunTime:0.0004s ]
NOTIC: [8] Undefined variable: rest E:\php\crm\Application\Admin\Common\function.php 第 222 行.
SQL: SELECT COUNT(*) AS tp_count FROM `jd_contract` WHERE ( audit_2 =0  and isxufei=0  and audit_1=1 ) LIMIT 1   [ RunTime:0.0003s ]
SQL: SELECT `audit_1`,`audit_2` FROM `jd_rbac` WHERE ( module = '/Admin/Renew' ) LIMIT 1   [ RunTime:0.0003s ]
SQL: SELECT COUNT(*) AS tp_count FROM `jd_contract` WHERE ( audit_1 =0 and isxufei=1 ) LIMIT 1   [ RunTime:0.0003s ]
SQL: SELECT COUNT(*) AS tp_count FROM `jd_contract` WHERE ( audit_2 =0  and isxufei=1  and audit_1=1 ) LIMIT 1   [ RunTime:0.0003s ]
SQL: SELECT `audit_1`,`audit_2` FROM `jd_rbac` WHERE ( module = '/Admin/Diankuan' ) LIMIT 1   [ RunTime:0.0003s ]
SQL: SELECT COUNT(*) AS tp_count FROM `jd_diankuan` WHERE ( audit_1 =0  ) LIMIT 1   [ RunTime:0.0003s ]
SQL: SELECT COUNT(*) AS tp_count FROM `jd_diankuan` WHERE ( audit_2 =0  and audit_1=1 ) LIMIT 1   [ RunTime:0.0003s ]
SQL: SHOW COLUMNS FROM `jd_refund` [ RunTime:0.0038s ]
SQL: SELECT `audit_1`,`audit_2` FROM `jd_rbac` WHERE ( module = '/Admin/Refund' ) LIMIT 1   [ RunTime:0.0003s ]
SQL: SELECT COUNT(*) AS tp_count FROM `jd_refund` WHERE ( audit_1 =0  ) LIMIT 1   [ RunTime:0.0002s ]
SQL: SELECT COUNT(*) AS tp_count FROM `jd_refund` WHERE ( audit_2 =0  and audit_1=1 ) LIMIT 1   [ RunTime:0.0002s ]
SQL: SHOW COLUMNS FROM `jd_invoice` [ RunTime:0.0051s ]
SQL: SELECT `audit_1`,`audit_2` FROM `jd_rbac` WHERE ( module = '/Admin/Invoice' ) LIMIT 1   [ RunTime:0.0004s ]
SQL: SELECT COUNT(*) AS tp_count FROM `jd_invoice` WHERE ( audit_1 =0  ) LIMIT 1   [ RunTime:0.0003s ]
SQL: SELECT COUNT(*) AS tp_count FROM `jd_invoice` WHERE ( audit_2 =0  and audit_1=1 ) LIMIT 1   [ RunTime:0.0004s ]
SQL: SHOW COLUMNS FROM `jd_refund_invoice` [ RunTime:0.0044s ]
SQL: SELECT `audit_1`,`audit_2` FROM `jd_rbac` WHERE ( module = '/Admin/RefundInvoice' ) LIMIT 1   [ RunTime:0.0004s ]
SQL: SELECT COUNT(*) AS tp_count FROM `jd_refund_invoice` WHERE ( audit_1 =0  ) LIMIT 1   [ RunTime:0.0005s ]
SQL: SELECT COUNT(*) AS tp_count FROM `jd_refund_invoice` WHERE ( audit_2 =0  and audit_1=1 ) LIMIT 1   [ RunTime:0.0004s ]
INFO: [ app_end ] --START--
INFO: Run Behavior\ShowPageTraceBehavior [ RunTime:0.001082s ]
INFO: [ app_end ] --END-- [ RunTime:0.001143s ]

[ 2016-10-11T15:08:00+08:00 ] ::1 /Admin/Public/txing.html
INFO: [ app_init ] --START--
INFO: Run Behavior\BuildLiteBehavior [ RunTime:0.000015s ]
INFO: [ app_init ] --END-- [ RunTime:0.000544s ]
INFO: [ app_begin ] --START--
INFO: Run Behavior\ReadHtmlCacheBehavior [ RunTime:0.000759s ]
INFO: [ app_begin ] --END-- [ RunTime:0.000829s ]
SQL: SHOW COLUMNS FROM `jd_email` [ RunTime:0.0050s ]
SQL: SHOW COLUMNS FROM `jd_users` [ RunTime:0.0034s ]
SQL: SELECT COUNT(*) AS tp_count FROM `jd_email` a left join jd_users b on a.users=b.id  WHERE ( a.s_users=16  and a.s_show=0 and a.tixing=0 and a.state=0 ) ORDER BY time desc LIMIT 1   [ RunTime:0.0004s ]
SQL: SELECT a.users,b.name FROM `jd_email` a left join jd_users b on a.users=b.id  WHERE ( a.s_users=16  and a.s_show=0 and a.tixing=0 and a.state=0 ) GROUP BY a.users ORDER BY time desc  [ RunTime:0.0004s ]
NOTIC: [8] Use of undefined constant count - assumed 'count' E:\php\crm\Application\Admin\Controller\PublicController.class.php 第 260 行.
NOTIC: [8] Use of undefined constant str - assumed 'str' E:\php\crm\Application\Admin\Controller\PublicController.class.php 第 261 行.
NOTIC: [8] Undefined variable: name E:\php\crm\Application\Admin\Controller\PublicController.class.php 第 261 行.
SQL: UPDATE `jd_email` SET `tixing`='1' WHERE ( s_users=16 and tixing=0 ) [ RunTime:0.0003s ]

[ 2016-10-11T15:08:10+08:00 ] ::1 /Admin/Public/daiban.html
INFO: [ app_init ] --START--
INFO: Run Behavior\BuildLiteBehavior [ RunTime:0.000018s ]
INFO: [ app_init ] --END-- [ RunTime:0.000561s ]
INFO: [ app_begin ] --START--
INFO: Run Behavior\ReadHtmlCacheBehavior [ RunTime:0.000533s ]
INFO: [ app_begin ] --END-- [ RunTime:0.000584s ]
SQL: SHOW COLUMNS FROM `jd_groupl` [ RunTime:0.0040s ]
SQL: SELECT `group_name` FROM `jd_groupl` WHERE `id` = 1 LIMIT 1   [ RunTime:0.0003s ]
SQL: SHOW COLUMNS FROM `jd_diankuan` [ RunTime:0.0042s ]
SQL: SHOW COLUMNS FROM `jd_rbac` [ RunTime:0.0036s ]
SQL: SHOW COLUMNS FROM `jd_contract` [ RunTime:0.0037s ]
SQL: SELECT `audit_1`,`audit_2` FROM `jd_rbac` WHERE ( module = '/Admin/Contract' ) LIMIT 1   [ RunTime:0.0004s ]
SQL: SELECT COUNT(*) AS tp_count FROM `jd_contract` WHERE ( audit_1 =0 and isxufei=0 ) LIMIT 1   [ RunTime:0.0003s ]
NOTIC: [8] Undefined variable: rest E:\php\crm\Application\Admin\Common\function.php 第 222 行.
SQL: SELECT COUNT(*) AS tp_count FROM `jd_contract` WHERE ( audit_2 =0  and isxufei=0  and audit_1=1 ) LIMIT 1   [ RunTime:0.0004s ]
SQL: SELECT `audit_1`,`audit_2` FROM `jd_rbac` WHERE ( module = '/Admin/Renew' ) LIMIT 1   [ RunTime:0.0002s ]
SQL: SELECT COUNT(*) AS tp_count FROM `jd_contract` WHERE ( audit_1 =0 and isxufei=1 ) LIMIT 1   [ RunTime:0.0002s ]
SQL: SELECT COUNT(*) AS tp_count FROM `jd_contract` WHERE ( audit_2 =0  and isxufei=1  and audit_1=1 ) LIMIT 1   [ RunTime:0.0002s ]
SQL: SELECT `audit_1`,`audit_2` FROM `jd_rbac` WHERE ( module = '/Admin/Diankuan' ) LIMIT 1   [ RunTime:0.0002s ]
SQL: SELECT COUNT(*) AS tp_count FROM `jd_diankuan` WHERE ( audit_1 =0  ) LIMIT 1   [ RunTime:0.0002s ]
SQL: SELECT COUNT(*) AS tp_count FROM `jd_diankuan` WHERE ( audit_2 =0  and audit_1=1 ) LIMIT 1   [ RunTime:0.0002s ]
SQL: SHOW COLUMNS FROM `jd_refund` [ RunTime:0.0043s ]
SQL: SELECT `audit_1`,`audit_2` FROM `jd_rbac` WHERE ( module = '/Admin/Refund' ) LIMIT 1   [ RunTime:0.0004s ]
SQL: SELECT COUNT(*) AS tp_count FROM `jd_refund` WHERE ( audit_1 =0  ) LIMIT 1   [ RunTime:0.0003s ]
SQL: SELECT COUNT(*) AS tp_count FROM `jd_refund` WHERE ( audit_2 =0  and audit_1=1 ) LIMIT 1   [ RunTime:0.0003s ]
SQL: SHOW COLUMNS FROM `jd_invoice` [ RunTime:0.0043s ]
SQL: SELECT `audit_1`,`audit_2` FROM `jd_rbac` WHERE ( module = '/Admin/Invoice' ) LIMIT 1   [ RunTime:0.0003s ]
SQL: SELECT COUNT(*) AS tp_count FROM `jd_invoice` WHERE ( audit_1 =0  ) LIMIT 1   [ RunTime:0.0003s ]
SQL: SELECT COUNT(*) AS tp_count FROM `jd_invoice` WHERE ( audit_2 =0  and audit_1=1 ) LIMIT 1   [ RunTime:0.0003s ]
SQL: SHOW COLUMNS FROM `jd_refund_invoice` [ RunTime:0.0041s ]
SQL: SELECT `audit_1`,`audit_2` FROM `jd_rbac` WHERE ( module = '/Admin/RefundInvoice' ) LIMIT 1   [ RunTime:0.0003s ]
SQL: SELECT COUNT(*) AS tp_count FROM `jd_refund_invoice` WHERE ( audit_1 =0  ) LIMIT 1   [ RunTime:0.0003s ]
SQL: SELECT COUNT(*) AS tp_count FROM `jd_refund_invoice` WHERE ( audit_2 =0  and audit_1=1 ) LIMIT 1   [ RunTime:0.0003s ]
INFO: [ app_end ] --START--
INFO: Run Behavior\ShowPageTraceBehavior [ RunTime:0.000887s ]
INFO: [ app_end ] --END-- [ RunTime:0.000958s ]

[ 2016-10-11T15:08:10+08:00 ] ::1 /Admin/Public/txing.html
INFO: [ app_init ] --START--
INFO: Run Behavior\BuildLiteBehavior [ RunTime:0.000011s ]
INFO: [ app_init ] --END-- [ RunTime:0.000443s ]
INFO: [ app_begin ] --START--
INFO: Run Behavior\ReadHtmlCacheBehavior [ RunTime:0.000986s ]
INFO: [ app_begin ] --END-- [ RunTime:0.001066s ]
SQL: SHOW COLUMNS FROM `jd_email` [ RunTime:0.0040s ]
SQL: SHOW COLUMNS FROM `jd_users` [ RunTime:0.0039s ]
SQL: SELECT COUNT(*) AS tp_count FROM `jd_email` a left join jd_users b on a.users=b.id  WHERE ( a.s_users=16  and a.s_show=0 and a.tixing=0 and a.state=0 ) ORDER BY time desc LIMIT 1   [ RunTime:0.0004s ]
SQL: SELECT a.users,b.name FROM `jd_email` a left join jd_users b on a.users=b.id  WHERE ( a.s_users=16  and a.s_show=0 and a.tixing=0 and a.state=0 ) GROUP BY a.users ORDER BY time desc  [ RunTime:0.0004s ]
NOTIC: [8] Use of undefined constant count - assumed 'count' E:\php\crm\Application\Admin\Controller\PublicController.class.php 第 260 行.
NOTIC: [8] Use of undefined constant str - assumed 'str' E:\php\crm\Application\Admin\Controller\PublicController.class.php 第 261 行.
NOTIC: [8] Undefined variable: name E:\php\crm\Application\Admin\Controller\PublicController.class.php 第 261 行.
SQL: UPDATE `jd_email` SET `tixing`='1' WHERE ( s_users=16 and tixing=0 ) [ RunTime:0.0004s ]

[ 2016-10-11T15:08:20+08:00 ] ::1 /Admin/Public/txing.html
INFO: [ app_init ] --START--
INFO: Run Behavior\BuildLiteBehavior [ RunTime:0.000018s ]
INFO: [ app_init ] --END-- [ RunTime:0.000611s ]
INFO: [ app_begin ] --START--
INFO: Run Behavior\ReadHtmlCacheBehavior [ RunTime:0.000582s ]
INFO: [ app_begin ] --END-- [ RunTime:0.000644s ]
SQL: SHOW COLUMNS FROM `jd_email` [ RunTime:0.0035s ]
SQL: SHOW COLUMNS FROM `jd_users` [ RunTime:0.0034s ]
SQL: SELECT COUNT(*) AS tp_count FROM `jd_email` a left join jd_users b on a.users=b.id  WHERE ( a.s_users=16  and a.s_show=0 and a.tixing=0 and a.state=0 ) ORDER BY time desc LIMIT 1   [ RunTime:0.0004s ]
SQL: SELECT a.users,b.name FROM `jd_email` a left join jd_users b on a.users=b.id  WHERE ( a.s_users=16  and a.s_show=0 and a.tixing=0 and a.state=0 ) GROUP BY a.users ORDER BY time desc  [ RunTime:0.0004s ]
NOTIC: [8] Use of undefined constant count - assumed 'count' E:\php\crm\Application\Admin\Controller\PublicController.class.php 第 260 行.
NOTIC: [8] Use of undefined constant str - assumed 'str' E:\php\crm\Application\Admin\Controller\PublicController.class.php 第 261 行.
NOTIC: [8] Undefined variable: name E:\php\crm\Application\Admin\Controller\PublicController.class.php 第 261 行.
SQL: UPDATE `jd_email` SET `tixing`='1' WHERE ( s_users=16 and tixing=0 ) [ RunTime:0.0003s ]

[ 2016-10-11T15:08:20+08:00 ] ::1 /Admin/Public/daiban.html
INFO: [ app_init ] --START--
INFO: Run Behavior\BuildLiteBehavior [ RunTime:0.000013s ]
INFO: [ app_init ] --END-- [ RunTime:0.000479s ]
INFO: [ app_begin ] --START--
INFO: Run Behavior\ReadHtmlCacheBehavior [ RunTime:0.000705s ]
INFO: [ app_begin ] --END-- [ RunTime:0.000772s ]
SQL: SHOW COLUMNS FROM `jd_groupl` [ RunTime:0.0047s ]
SQL: SELECT `group_name` FROM `jd_groupl` WHERE `id` = 1 LIMIT 1   [ RunTime:0.0003s ]
SQL: SHOW COLUMNS FROM `jd_diankuan` [ RunTime:0.0038s ]
SQL: SHOW COLUMNS FROM `jd_rbac` [ RunTime:0.0038s ]
SQL: SHOW COLUMNS FROM `jd_contract` [ RunTime:0.0047s ]
SQL: SELECT `audit_1`,`audit_2` FROM `jd_rbac` WHERE ( module = '/Admin/Contract' ) LIMIT 1   [ RunTime:0.0004s ]
SQL: SELECT COUNT(*) AS tp_count FROM `jd_contract` WHERE ( audit_1 =0 and isxufei=0 ) LIMIT 1   [ RunTime:0.0004s ]
NOTIC: [8] Undefined variable: rest E:\php\crm\Application\Admin\Common\function.php 第 222 行.
SQL: SELECT COUNT(*) AS tp_count FROM `jd_contract` WHERE ( audit_2 =0  and isxufei=0  and audit_1=1 ) LIMIT 1   [ RunTime:0.0004s ]
SQL: SELECT `audit_1`,`audit_2` FROM `jd_rbac` WHERE ( module = '/Admin/Renew' ) LIMIT 1   [ RunTime:0.0004s ]
SQL: SELECT COUNT(*) AS tp_count FROM `jd_contract` WHERE ( audit_1 =0 and isxufei=1 ) LIMIT 1   [ RunTime:0.0003s ]
SQL: SELECT COUNT(*) AS tp_count FROM `jd_contract` WHERE ( audit_2 =0  and isxufei=1  and audit_1=1 ) LIMIT 1   [ RunTime:0.0003s ]
SQL: SELECT `audit_1`,`audit_2` FROM `jd_rbac` WHERE ( module = '/Admin/Diankuan' ) LIMIT 1   [ RunTime:0.0003s ]
SQL: SELECT COUNT(*) AS tp_count FROM `jd_diankuan` WHERE ( audit_1 =0  ) LIMIT 1   [ RunTime:0.0003s ]
SQL: SELECT COUNT(*) AS tp_count FROM `jd_diankuan` WHERE ( audit_2 =0  and audit_1=1 ) LIMIT 1   [ RunTime:0.0003s ]
SQL: SHOW COLUMNS FROM `jd_refund` [ RunTime:0.0037s ]
SQL: SELECT `audit_1`,`audit_2` FROM `jd_rbac` WHERE ( module = '/Admin/Refund' ) LIMIT 1   [ RunTime:0.0003s ]
SQL: SELECT COUNT(*) AS tp_count FROM `jd_refund` WHERE ( audit_1 =0  ) LIMIT 1   [ RunTime:0.0002s ]
SQL: SELECT COUNT(*) AS tp_count FROM `jd_refund` WHERE ( audit_2 =0  and audit_1=1 ) LIMIT 1   [ RunTime:0.0002s ]
SQL: SHOW COLUMNS FROM `jd_invoice` [ RunTime:0.0041s ]
SQL: SELECT `audit_1`,`audit_2` FROM `jd_rbac` WHERE ( module = '/Admin/Invoice' ) LIMIT 1   [ RunTime:0.0004s ]
SQL: SELECT COUNT(*) AS tp_count FROM `jd_invoice` WHERE ( audit_1 =0  ) LIMIT 1   [ RunTime:0.0002s ]
SQL: SELECT COUNT(*) AS tp_count FROM `jd_invoice` WHERE ( audit_2 =0  and audit_1=1 ) LIMIT 1   [ RunTime:0.0002s ]
SQL: SHOW COLUMNS FROM `jd_refund_invoice` [ RunTime:0.0040s ]
SQL: SELECT `audit_1`,`audit_2` FROM `jd_rbac` WHERE ( module = '/Admin/RefundInvoice' ) LIMIT 1   [ RunTime:0.0003s ]
SQL: SELECT COUNT(*) AS tp_count FROM `jd_refund_invoice` WHERE ( audit_1 =0  ) LIMIT 1   [ RunTime:0.0002s ]
SQL: SELECT COUNT(*) AS tp_count FROM `jd_refund_invoice` WHERE ( audit_2 =0  and audit_1=1 ) LIMIT 1   [ RunTime:0.0002s ]
INFO: [ app_end ] --START--
INFO: Run Behavior\ShowPageTraceBehavior [ RunTime:0.000925s ]
INFO: [ app_end ] --END-- [ RunTime:0.000973s ]

[ 2016-10-11T15:08:30+08:00 ] ::1 /Admin/Public/daiban.html
INFO: [ app_init ] --START--
INFO: Run Behavior\BuildLiteBehavior [ RunTime:0.000020s ]
INFO: [ app_init ] --END-- [ RunTime:0.000614s ]
INFO: [ app_begin ] --START--
INFO: Run Behavior\ReadHtmlCacheBehavior [ RunTime:0.000792s ]
INFO: [ app_begin ] --END-- [ RunTime:0.000867s ]
SQL: SHOW COLUMNS FROM `jd_groupl` [ RunTime:0.0036s ]
SQL: SELECT `group_name` FROM `jd_groupl` WHERE `id` = 1 LIMIT 1   [ RunTime:0.0003s ]
SQL: SHOW COLUMNS FROM `jd_diankuan` [ RunTime:0.0035s ]
SQL: SHOW COLUMNS FROM `jd_rbac` [ RunTime:0.0034s ]
SQL: SHOW COLUMNS FROM `jd_contract` [ RunTime:0.0054s ]
SQL: SELECT `audit_1`,`audit_2` FROM `jd_rbac` WHERE ( module = '/Admin/Contract' ) LIMIT 1   [ RunTime:0.0003s ]
SQL: SELECT COUNT(*) AS tp_count FROM `jd_contract` WHERE ( audit_1 =0 and isxufei=0 ) LIMIT 1   [ RunTime:0.0005s ]
NOTIC: [8] Undefined variable: rest E:\php\crm\Application\Admin\Common\function.php 第 222 行.
SQL: SELECT COUNT(*) AS tp_count FROM `jd_contract` WHERE ( audit_2 =0  and isxufei=0  and audit_1=1 ) LIMIT 1   [ RunTime:0.0005s ]
SQL: SELECT `audit_1`,`audit_2` FROM `jd_rbac` WHERE ( module = '/Admin/Renew' ) LIMIT 1   [ RunTime:0.0003s ]
SQL: SELECT COUNT(*) AS tp_count FROM `jd_contract` WHERE ( audit_1 =0 and isxufei=1 ) LIMIT 1   [ RunTime:0.0002s ]
SQL: SELECT COUNT(*) AS tp_count FROM `jd_contract` WHERE ( audit_2 =0  and isxufei=1  and audit_1=1 ) LIMIT 1   [ RunTime:0.0002s ]
SQL: SELECT `audit_1`,`audit_2` FROM `jd_rbac` WHERE ( module = '/Admin/Diankuan' ) LIMIT 1   [ RunTime:0.0002s ]
SQL: SELECT COUNT(*) AS tp_count FROM `jd_diankuan` WHERE ( audit_1 =0  ) LIMIT 1   [ RunTime:0.0002s ]
SQL: SELECT COUNT(*) AS tp_count FROM `jd_diankuan` WHERE ( audit_2 =0  and audit_1=1 ) LIMIT 1   [ RunTime:0.0003s ]
SQL: SHOW COLUMNS FROM `jd_refund` [ RunTime:0.0042s ]
SQL: SELECT `audit_1`,`audit_2` FROM `jd_rbac` WHERE ( module = '/Admin/Refund' ) LIMIT 1   [ RunTime:0.0003s ]
SQL: SELECT COUNT(*) AS tp_count FROM `jd_refund` WHERE ( audit_1 =0  ) LIMIT 1   [ RunTime:0.0003s ]
SQL: SELECT COUNT(*) AS tp_count FROM `jd_refund` WHERE ( audit_2 =0  and audit_1=1 ) LIMIT 1   [ RunTime:0.0003s ]
SQL: SHOW COLUMNS FROM `jd_invoice` [ RunTime:0.0039s ]
SQL: SELECT `audit_1`,`audit_2` FROM `jd_rbac` WHERE ( module = '/Admin/Invoice' ) LIMIT 1   [ RunTime:0.0004s ]
SQL: SELECT COUNT(*) AS tp_count FROM `jd_invoice` WHERE ( audit_1 =0  ) LIMIT 1   [ RunTime:0.0003s ]
SQL: SELECT COUNT(*) AS tp_count FROM `jd_invoice` WHERE ( audit_2 =0  and audit_1=1 ) LIMIT 1   [ RunTime:0.0002s ]
SQL: SHOW COLUMNS FROM `jd_refund_invoice` [ RunTime:0.0041s ]
SQL: SELECT `audit_1`,`audit_2` FROM `jd_rbac` WHERE ( module = '/Admin/RefundInvoice' ) LIMIT 1   [ RunTime:0.0003s ]
SQL: SELECT COUNT(*) AS tp_count FROM `jd_refund_invoice` WHERE ( audit_1 =0  ) LIMIT 1   [ RunTime:0.0003s ]
SQL: SELECT COUNT(*) AS tp_count FROM `jd_refund_invoice` WHERE ( audit_2 =0  and audit_1=1 ) LIMIT 1   [ RunTime:0.0002s ]
INFO: [ app_end ] --START--
INFO: Run Behavior\ShowPageTraceBehavior [ RunTime:0.000774s ]
INFO: [ app_end ] --END-- [ RunTime:0.000816s ]

[ 2016-10-11T15:08:30+08:00 ] ::1 /Admin/Public/txing.html
INFO: [ app_init ] --START--
INFO: Run Behavior\BuildLiteBehavior [ RunTime:0.000019s ]
INFO: [ app_init ] --END-- [ RunTime:0.000648s ]
INFO: [ app_begin ] --START--
INFO: Run Behavior\ReadHtmlCacheBehavior [ RunTime:0.001050s ]
INFO: [ app_begin ] --END-- [ RunTime:0.001134s ]
SQL: SHOW COLUMNS FROM `jd_email` [ RunTime:0.0039s ]
SQL: SHOW COLUMNS FROM `jd_users` [ RunTime:0.0040s ]
SQL: SELECT COUNT(*) AS tp_count FROM `jd_email` a left join jd_users b on a.users=b.id  WHERE ( a.s_users=16  and a.s_show=0 and a.tixing=0 and a.state=0 ) ORDER BY time desc LIMIT 1   [ RunTime:0.0007s ]
SQL: SELECT a.users,b.name FROM `jd_email` a left join jd_users b on a.users=b.id  WHERE ( a.s_users=16  and a.s_show=0 and a.tixing=0 and a.state=0 ) GROUP BY a.users ORDER BY time desc  [ RunTime:0.0006s ]
NOTIC: [8] Use of undefined constant count - assumed 'count' E:\php\crm\Application\Admin\Controller\PublicController.class.php 第 260 行.
NOTIC: [8] Use of undefined constant str - assumed 'str' E:\php\crm\Application\Admin\Controller\PublicController.class.php 第 261 行.
NOTIC: [8] Undefined variable: name E:\php\crm\Application\Admin\Controller\PublicController.class.php 第 261 行.
SQL: UPDATE `jd_email` SET `tixing`='1' WHERE ( s_users=16 and tixing=0 ) [ RunTime:0.0008s ]

[ 2016-10-11T15:08:40+08:00 ] ::1 /Admin/Public/txing.html
INFO: [ app_init ] --START--
INFO: Run Behavior\BuildLiteBehavior [ RunTime:0.000015s ]
INFO: [ app_init ] --END-- [ RunTime:0.000492s ]
INFO: [ app_begin ] --START--
INFO: Run Behavior\ReadHtmlCacheBehavior [ RunTime:0.000504s ]
INFO: [ app_begin ] --END-- [ RunTime:0.000547s ]
SQL: SHOW COLUMNS FROM `jd_email` [ RunTime:0.0040s ]
SQL: SHOW COLUMNS FROM `jd_users` [ RunTime:0.0038s ]
SQL: SELECT COUNT(*) AS tp_count FROM `jd_email` a left join jd_users b on a.users=b.id  WHERE ( a.s_users=16  and a.s_show=0 and a.tixing=0 and a.state=0 ) ORDER BY time desc LIMIT 1   [ RunTime:0.0005s ]
SQL: SELECT a.users,b.name FROM `jd_email` a left join jd_users b on a.users=b.id  WHERE ( a.s_users=16  and a.s_show=0 and a.tixing=0 and a.state=0 ) GROUP BY a.users ORDER BY time desc  [ RunTime:0.0005s ]
NOTIC: [8] Use of undefined constant count - assumed 'count' E:\php\crm\Application\Admin\Controller\PublicController.class.php 第 260 行.
NOTIC: [8] Use of undefined constant str - assumed 'str' E:\php\crm\Application\Admin\Controller\PublicController.class.php 第 261 行.
NOTIC: [8] Undefined variable: name E:\php\crm\Application\Admin\Controller\PublicController.class.php 第 261 行.
SQL: UPDATE `jd_email` SET `tixing`='1' WHERE ( s_users=16 and tixing=0 ) [ RunTime:0.0003s ]

[ 2016-10-11T15:08:40+08:00 ] ::1 /Admin/Public/daiban.html
INFO: [ app_init ] --START--
INFO: Run Behavior\BuildLiteBehavior [ RunTime:0.000012s ]
INFO: [ app_init ] --END-- [ RunTime:0.000421s ]
INFO: [ app_begin ] --START--
INFO: Run Behavior\ReadHtmlCacheBehavior [ RunTime:0.000647s ]
INFO: [ app_begin ] --END-- [ RunTime:0.000701s ]
SQL: SHOW COLUMNS FROM `jd_groupl` [ RunTime:0.0037s ]
SQL: SELECT `group_name` FROM `jd_groupl` WHERE `id` = 1 LIMIT 1   [ RunTime:0.0003s ]
SQL: SHOW COLUMNS FROM `jd_diankuan` [ RunTime:0.0039s ]
SQL: SHOW COLUMNS FROM `jd_rbac` [ RunTime:0.0041s ]
SQL: SHOW COLUMNS FROM `jd_contract` [ RunTime:0.0039s ]
SQL: SELECT `audit_1`,`audit_2` FROM `jd_rbac` WHERE ( module = '/Admin/Contract' ) LIMIT 1   [ RunTime:0.0005s ]
SQL: SELECT COUNT(*) AS tp_count FROM `jd_contract` WHERE ( audit_1 =0 and isxufei=0 ) LIMIT 1   [ RunTime:0.0004s ]
NOTIC: [8] Undefined variable: rest E:\php\crm\Application\Admin\Common\function.php 第 222 行.
SQL: SELECT COUNT(*) AS tp_count FROM `jd_contract` WHERE ( audit_2 =0  and isxufei=0  and audit_1=1 ) LIMIT 1   [ RunTime:0.0005s ]
SQL: SELECT `audit_1`,`audit_2` FROM `jd_rbac` WHERE ( module = '/Admin/Renew' ) LIMIT 1   [ RunTime:0.0004s ]
SQL: SELECT COUNT(*) AS tp_count FROM `jd_contract` WHERE ( audit_1 =0 and isxufei=1 ) LIMIT 1   [ RunTime:0.0005s ]
SQL: SELECT COUNT(*) AS tp_count FROM `jd_contract` WHERE ( audit_2 =0  and isxufei=1  and audit_1=1 ) LIMIT 1   [ RunTime:0.0004s ]
SQL: SELECT `audit_1`,`audit_2` FROM `jd_rbac` WHERE ( module = '/Admin/Diankuan' ) LIMIT 1   [ RunTime:0.0003s ]
SQL: SELECT COUNT(*) AS tp_count FROM `jd_diankuan` WHERE ( audit_1 =0  ) LIMIT 1   [ RunTime:0.0003s ]
SQL: SELECT COUNT(*) AS tp_count FROM `jd_diankuan` WHERE ( audit_2 =0  and audit_1=1 ) LIMIT 1   [ RunTime:0.0003s ]
SQL: SHOW COLUMNS FROM `jd_refund` [ RunTime:0.0042s ]
SQL: SELECT `audit_1`,`audit_2` FROM `jd_rbac` WHERE ( module = '/Admin/Refund' ) LIMIT 1   [ RunTime:0.0003s ]
SQL: SELECT COUNT(*) AS tp_count FROM `jd_refund` WHERE ( audit_1 =0  ) LIMIT 1   [ RunTime:0.0002s ]
SQL: SELECT COUNT(*) AS tp_count FROM `jd_refund` WHERE ( audit_2 =0  and audit_1=1 ) LIMIT 1   [ RunTime:0.0002s ]
SQL: SHOW COLUMNS FROM `jd_invoice` [ RunTime:0.0053s ]
SQL: SELECT `audit_1`,`audit_2` FROM `jd_rbac` WHERE ( module = '/Admin/Invoice' ) LIMIT 1   [ RunTime:0.0003s ]
SQL: SELECT COUNT(*) AS tp_count FROM `jd_invoice` WHERE ( audit_1 =0  ) LIMIT 1   [ RunTime:0.0002s ]
SQL: SELECT COUNT(*) AS tp_count FROM `jd_invoice` WHERE ( audit_2 =0  and audit_1=1 ) LIMIT 1   [ RunTime:0.0002s ]
SQL: SHOW COLUMNS FROM `jd_refund_invoice` [ RunTime:0.0036s ]
SQL: SELECT `audit_1`,`audit_2` FROM `jd_rbac` WHERE ( module = '/Admin/RefundInvoice' ) LIMIT 1   [ RunTime:0.0003s ]
SQL: SELECT COUNT(*) AS tp_count FROM `jd_refund_invoice` WHERE ( audit_1 =0  ) LIMIT 1   [ RunTime:0.0002s ]
SQL: SELECT COUNT(*) AS tp_count FROM `jd_refund_invoice` WHERE ( audit_2 =0  and audit_1=1 ) LIMIT 1   [ RunTime:0.0002s ]
INFO: [ app_end ] --START--
INFO: Run Behavior\ShowPageTraceBehavior [ RunTime:0.000775s ]
INFO: [ app_end ] --END-- [ RunTime:0.000819s ]

[ 2016-10-11T15:08:50+08:00 ] ::1 /Admin/Public/daiban.html
INFO: [ app_init ] --START--
INFO: Run Behavior\BuildLiteBehavior [ RunTime:0.000018s ]
INFO: [ app_init ] --END-- [ RunTime:0.000636s ]
INFO: [ app_begin ] --START--
INFO: Run Behavior\ReadHtmlCacheBehavior [ RunTime:0.000953s ]
INFO: [ app_begin ] --END-- [ RunTime:0.001035s ]
SQL: SHOW COLUMNS FROM `jd_groupl` [ RunTime:0.0033s ]
SQL: SELECT `group_name` FROM `jd_groupl` WHERE `id` = 1 LIMIT 1   [ RunTime:0.0003s ]
SQL: SHOW COLUMNS FROM `jd_diankuan` [ RunTime:0.0038s ]
SQL: SHOW COLUMNS FROM `jd_rbac` [ RunTime:0.0037s ]
SQL: SHOW COLUMNS FROM `jd_contract` [ RunTime:0.0052s ]
SQL: SELECT `audit_1`,`audit_2` FROM `jd_rbac` WHERE ( module = '/Admin/Contract' ) LIMIT 1   [ RunTime:0.0003s ]
SQL: SELECT COUNT(*) AS tp_count FROM `jd_contract` WHERE ( audit_1 =0 and isxufei=0 ) LIMIT 1   [ RunTime:0.0002s ]
NOTIC: [8] Undefined variable: rest E:\php\crm\Application\Admin\Common\function.php 第 222 行.
SQL: SELECT COUNT(*) AS tp_count FROM `jd_contract` WHERE ( audit_2 =0  and isxufei=0  and audit_1=1 ) LIMIT 1   [ RunTime:0.0002s ]
SQL: SELECT `audit_1`,`audit_2` FROM `jd_rbac` WHERE ( module = '/Admin/Renew' ) LIMIT 1   [ RunTime:0.0002s ]
SQL: SELECT COUNT(*) AS tp_count FROM `jd_contract` WHERE ( audit_1 =0 and isxufei=1 ) LIMIT 1   [ RunTime:0.0002s ]
SQL: SELECT COUNT(*) AS tp_count FROM `jd_contract` WHERE ( audit_2 =0  and isxufei=1  and audit_1=1 ) LIMIT 1   [ RunTime:0.0002s ]
SQL: SELECT `audit_1`,`audit_2` FROM `jd_rbac` WHERE ( module = '/Admin/Diankuan' ) LIMIT 1   [ RunTime:0.0002s ]
SQL: SELECT COUNT(*) AS tp_count FROM `jd_diankuan` WHERE ( audit_1 =0  ) LIMIT 1   [ RunTime:0.0002s ]
SQL: SELECT COUNT(*) AS tp_count FROM `jd_diankuan` WHERE ( audit_2 =0  and audit_1=1 ) LIMIT 1   [ RunTime:0.0002s ]
SQL: SHOW COLUMNS FROM `jd_refund` [ RunTime:0.0035s ]
SQL: SELECT `audit_1`,`audit_2` FROM `jd_rbac` WHERE ( module = '/Admin/Refund' ) LIMIT 1   [ RunTime:0.0003s ]
SQL: SELECT COUNT(*) AS tp_count FROM `jd_refund` WHERE ( audit_1 =0  ) LIMIT 1   [ RunTime:0.0002s ]
SQL: SELECT COUNT(*) AS tp_count FROM `jd_refund` WHERE ( audit_2 =0  and audit_1=1 ) LIMIT 1   [ RunTime:0.0002s ]
SQL: SHOW COLUMNS FROM `jd_invoice` [ RunTime:0.0041s ]
SQL: SELECT `audit_1`,`audit_2` FROM `jd_rbac` WHERE ( module = '/Admin/Invoice' ) LIMIT 1   [ RunTime:0.0003s ]
SQL: SELECT COUNT(*) AS tp_count FROM `jd_invoice` WHERE ( audit_1 =0  ) LIMIT 1   [ RunTime:0.0002s ]
SQL: SELECT COUNT(*) AS tp_count FROM `jd_invoice` WHERE ( audit_2 =0  and audit_1=1 ) LIMIT 1   [ RunTime:0.0004s ]
SQL: SHOW COLUMNS FROM `jd_refund_invoice` [ RunTime:0.0040s ]
SQL: SELECT `audit_1`,`audit_2` FROM `jd_rbac` WHERE ( module = '/Admin/RefundInvoice' ) LIMIT 1   [ RunTime:0.0005s ]
SQL: SELECT COUNT(*) AS tp_count FROM `jd_refund_invoice` WHERE ( audit_1 =0  ) LIMIT 1   [ RunTime:0.0003s ]
SQL: SELECT COUNT(*) AS tp_count FROM `jd_refund_invoice` WHERE ( audit_2 =0  and audit_1=1 ) LIMIT 1   [ RunTime:0.0002s ]
INFO: [ app_end ] --START--
INFO: Run Behavior\ShowPageTraceBehavior [ RunTime:0.000825s ]
INFO: [ app_end ] --END-- [ RunTime:0.000862s ]

[ 2016-10-11T15:08:50+08:00 ] ::1 /Admin/Public/txing.html
INFO: [ app_init ] --START--
INFO: Run Behavior\BuildLiteBehavior [ RunTime:0.000015s ]
INFO: [ app_init ] --END-- [ RunTime:0.000562s ]
INFO: [ app_begin ] --START--
INFO: Run Behavior\ReadHtmlCacheBehavior [ RunTime:0.000931s ]
INFO: [ app_begin ] --END-- [ RunTime:0.001002s ]
SQL: SHOW COLUMNS FROM `jd_email` [ RunTime:0.0033s ]
SQL: SHOW COLUMNS FROM `jd_users` [ RunTime:0.0037s ]
SQL: SELECT COUNT(*) AS tp_count FROM `jd_email` a left join jd_users b on a.users=b.id  WHERE ( a.s_users=16  and a.s_show=0 and a.tixing=0 and a.state=0 ) ORDER BY time desc LIMIT 1   [ RunTime:0.0004s ]
SQL: SELECT a.users,b.name FROM `jd_email` a left join jd_users b on a.users=b.id  WHERE ( a.s_users=16  and a.s_show=0 and a.tixing=0 and a.state=0 ) GROUP BY a.users ORDER BY time desc  [ RunTime:0.0003s ]
NOTIC: [8] Use of undefined constant count - assumed 'count' E:\php\crm\Application\Admin\Controller\PublicController.class.php 第 260 行.
NOTIC: [8] Use of undefined constant str - assumed 'str' E:\php\crm\Application\Admin\Controller\PublicController.class.php 第 261 行.
NOTIC: [8] Undefined variable: name E:\php\crm\Application\Admin\Controller\PublicController.class.php 第 261 行.
SQL: UPDATE `jd_email` SET `tixing`='1' WHERE ( s_users=16 and tixing=0 ) [ RunTime:0.0004s ]

[ 2016-10-11T15:09:00+08:00 ] ::1 /Admin/Public/daiban.html
INFO: [ app_init ] --START--
INFO: Run Behavior\BuildLiteBehavior [ RunTime:0.000025s ]
INFO: [ app_init ] --END-- [ RunTime:0.000804s ]
INFO: [ app_begin ] --START--
INFO: Run Behavior\ReadHtmlCacheBehavior [ RunTime:0.000865s ]
INFO: [ app_begin ] --END-- [ RunTime:0.000953s ]
SQL: SHOW COLUMNS FROM `jd_groupl` [ RunTime:0.0032s ]
SQL: SELECT `group_name` FROM `jd_groupl` WHERE `id` = 1 LIMIT 1   [ RunTime:0.0003s ]
SQL: SHOW COLUMNS FROM `jd_diankuan` [ RunTime:0.0040s ]
SQL: SHOW COLUMNS FROM `jd_rbac` [ RunTime:0.0051s ]
SQL: SHOW COLUMNS FROM `jd_contract` [ RunTime:0.0036s ]
SQL: SELECT `audit_1`,`audit_2` FROM `jd_rbac` WHERE ( module = '/Admin/Contract' ) LIMIT 1   [ RunTime:0.0005s ]
SQL: SELECT COUNT(*) AS tp_count FROM `jd_contract` WHERE ( audit_1 =0 and isxufei=0 ) LIMIT 1   [ RunTime:0.0003s ]
NOTIC: [8] Undefined variable: rest E:\php\crm\Application\Admin\Common\function.php 第 222 行.
SQL: SELECT COUNT(*) AS tp_count FROM `jd_contract` WHERE ( audit_2 =0  and isxufei=0  and audit_1=1 ) LIMIT 1   [ RunTime:0.0003s ]
SQL: SELECT `audit_1`,`audit_2` FROM `jd_rbac` WHERE ( module = '/Admin/Renew' ) LIMIT 1   [ RunTime:0.0002s ]
SQL: SELECT COUNT(*) AS tp_count FROM `jd_contract` WHERE ( audit_1 =0 and isxufei=1 ) LIMIT 1   [ RunTime:0.0002s ]
SQL: SELECT COUNT(*) AS tp_count FROM `jd_contract` WHERE ( audit_2 =0  and isxufei=1  and audit_1=1 ) LIMIT 1   [ RunTime:0.0002s ]
SQL: SELECT `audit_1`,`audit_2` FROM `jd_rbac` WHERE ( module = '/Admin/Diankuan' ) LIMIT 1   [ RunTime:0.0002s ]
SQL: SELECT COUNT(*) AS tp_count FROM `jd_diankuan` WHERE ( audit_1 =0  ) LIMIT 1   [ RunTime:0.0002s ]
SQL: SELECT COUNT(*) AS tp_count FROM `jd_diankuan` WHERE ( audit_2 =0  and audit_1=1 ) LIMIT 1   [ RunTime:0.0002s ]
SQL: SHOW COLUMNS FROM `jd_refund` [ RunTime:0.0049s ]
SQL: SELECT `audit_1`,`audit_2` FROM `jd_rbac` WHERE ( module = '/Admin/Refund' ) LIMIT 1   [ RunTime:0.0003s ]
SQL: SELECT COUNT(*) AS tp_count FROM `jd_refund` WHERE ( audit_1 =0  ) LIMIT 1   [ RunTime:0.0003s ]
SQL: SELECT COUNT(*) AS tp_count FROM `jd_refund` WHERE ( audit_2 =0  and audit_1=1 ) LIMIT 1   [ RunTime:0.0003s ]
SQL: SHOW COLUMNS FROM `jd_invoice` [ RunTime:0.0044s ]
SQL: SELECT `audit_1`,`audit_2` FROM `jd_rbac` WHERE ( module = '/Admin/Invoice' ) LIMIT 1   [ RunTime:0.0003s ]
SQL: SELECT COUNT(*) AS tp_count FROM `jd_invoice` WHERE ( audit_1 =0  ) LIMIT 1   [ RunTime:0.0002s ]
SQL: SELECT COUNT(*) AS tp_count FROM `jd_invoice` WHERE ( audit_2 =0  and audit_1=1 ) LIMIT 1   [ RunTime:0.0002s ]
SQL: SHOW COLUMNS FROM `jd_refund_invoice` [ RunTime:0.0042s ]
SQL: SELECT `audit_1`,`audit_2` FROM `jd_rbac` WHERE ( module = '/Admin/RefundInvoice' ) LIMIT 1   [ RunTime:0.0003s ]
SQL: SELECT COUNT(*) AS tp_count FROM `jd_refund_invoice` WHERE ( audit_1 =0  ) LIMIT 1   [ RunTime:0.0003s ]
SQL: SELECT COUNT(*) AS tp_count FROM `jd_refund_invoice` WHERE ( audit_2 =0  and audit_1=1 ) LIMIT 1   [ RunTime:0.0002s ]
INFO: [ app_end ] --START--
INFO: Run Behavior\ShowPageTraceBehavior [ RunTime:0.000915s ]
INFO: [ app_end ] --END-- [ RunTime:0.000965s ]

[ 2016-10-11T15:09:00+08:00 ] ::1 /Admin/Public/txing.html
INFO: [ app_init ] --START--
INFO: Run Behavior\BuildLiteBehavior [ RunTime:0.000039s ]
INFO: [ app_init ] --END-- [ RunTime:0.000811s ]
INFO: [ app_begin ] --START--
INFO: Run Behavior\ReadHtmlCacheBehavior [ RunTime:0.002441s ]
INFO: [ app_begin ] --END-- [ RunTime:0.002543s ]
SQL: SHOW COLUMNS FROM `jd_email` [ RunTime:0.0062s ]
SQL: SHOW COLUMNS FROM `jd_users` [ RunTime:0.0058s ]
SQL: SELECT COUNT(*) AS tp_count FROM `jd_email` a left join jd_users b on a.users=b.id  WHERE ( a.s_users=16  and a.s_show=0 and a.tixing=0 and a.state=0 ) ORDER BY time desc LIMIT 1   [ RunTime:0.0003s ]
SQL: SELECT a.users,b.name FROM `jd_email` a left join jd_users b on a.users=b.id  WHERE ( a.s_users=16  and a.s_show=0 and a.tixing=0 and a.state=0 ) GROUP BY a.users ORDER BY time desc  [ RunTime:0.0003s ]
NOTIC: [8] Use of undefined constant count - assumed 'count' E:\php\crm\Application\Admin\Controller\PublicController.class.php 第 260 行.
NOTIC: [8] Use of undefined constant str - assumed 'str' E:\php\crm\Application\Admin\Controller\PublicController.class.php 第 261 行.
NOTIC: [8] Undefined variable: name E:\php\crm\Application\Admin\Controller\PublicController.class.php 第 261 行.
SQL: UPDATE `jd_email` SET `tixing`='1' WHERE ( s_users=16 and tixing=0 ) [ RunTime:0.0003s ]

[ 2016-10-11T15:09:10+08:00 ] ::1 /Admin/Public/txing.html
INFO: [ app_init ] --START--
INFO: Run Behavior\BuildLiteBehavior [ RunTime:0.000020s ]
INFO: [ app_init ] --END-- [ RunTime:0.000572s ]
INFO: [ app_begin ] --START--
INFO: Run Behavior\ReadHtmlCacheBehavior [ RunTime:0.000821s ]
INFO: [ app_begin ] --END-- [ RunTime:0.000920s ]
SQL: SHOW COLUMNS FROM `jd_email` [ RunTime:0.1067s ]
SQL: SHOW COLUMNS FROM `jd_users` [ RunTime:0.0594s ]
SQL: SELECT COUNT(*) AS tp_count FROM `jd_email` a left join jd_users b on a.users=b.id  WHERE ( a.s_users=16  and a.s_show=0 and a.tixing=0 and a.state=0 ) ORDER BY time desc LIMIT 1   [ RunTime:0.0007s ]
SQL: SELECT a.users,b.name FROM `jd_email` a left join jd_users b on a.users=b.id  WHERE ( a.s_users=16  and a.s_show=0 and a.tixing=0 and a.state=0 ) GROUP BY a.users ORDER BY time desc  [ RunTime:0.0006s ]
NOTIC: [8] Use of undefined constant count - assumed 'count' E:\php\crm\Application\Admin\Controller\PublicController.class.php 第 260 行.
NOTIC: [8] Use of undefined constant str - assumed 'str' E:\php\crm\Application\Admin\Controller\PublicController.class.php 第 261 行.
NOTIC: [8] Undefined variable: name E:\php\crm\Application\Admin\Controller\PublicController.class.php 第 261 行.
SQL: UPDATE `jd_email` SET `tixing`='1' WHERE ( s_users=16 and tixing=0 ) [ RunTime:0.0004s ]

[ 2016-10-11T15:09:10+08:00 ] ::1 /Admin/Public/daiban.html
INFO: [ app_init ] --START--
INFO: Run Behavior\BuildLiteBehavior [ RunTime:0.000023s ]
INFO: [ app_init ] --END-- [ RunTime:0.000936s ]
INFO: [ app_begin ] --START--
INFO: Run Behavior\ReadHtmlCacheBehavior [ RunTime:0.001865s ]
INFO: [ app_begin ] --END-- [ RunTime:0.001943s ]
SQL: SHOW COLUMNS FROM `jd_groupl` [ RunTime:0.0344s ]
SQL: SELECT `group_name` FROM `jd_groupl` WHERE `id` = 1 LIMIT 1   [ RunTime:0.0003s ]
SQL: SHOW COLUMNS FROM `jd_diankuan` [ RunTime:0.0386s ]
SQL: SHOW COLUMNS FROM `jd_rbac` [ RunTime:0.0048s ]
SQL: SHOW COLUMNS FROM `jd_contract` [ RunTime:0.0061s ]
SQL: SELECT `audit_1`,`audit_2` FROM `jd_rbac` WHERE ( module = '/Admin/Contract' ) LIMIT 1   [ RunTime:0.0005s ]
SQL: SELECT COUNT(*) AS tp_count FROM `jd_contract` WHERE ( audit_1 =0 and isxufei=0 ) LIMIT 1   [ RunTime:0.0003s ]
NOTIC: [8] Undefined variable: rest E:\php\crm\Application\Admin\Common\function.php 第 222 行.
SQL: SELECT COUNT(*) AS tp_count FROM `jd_contract` WHERE ( audit_2 =0  and isxufei=0  and audit_1=1 ) LIMIT 1   [ RunTime:0.0004s ]
SQL: SELECT `audit_1`,`audit_2` FROM `jd_rbac` WHERE ( module = '/Admin/Renew' ) LIMIT 1   [ RunTime:0.0003s ]
SQL: SELECT COUNT(*) AS tp_count FROM `jd_contract` WHERE ( audit_1 =0 and isxufei=1 ) LIMIT 1   [ RunTime:0.0003s ]
SQL: SELECT COUNT(*) AS tp_count FROM `jd_contract` WHERE ( audit_2 =0  and isxufei=1  and audit_1=1 ) LIMIT 1   [ RunTime:0.0003s ]
SQL: SELECT `audit_1`,`audit_2` FROM `jd_rbac` WHERE ( module = '/Admin/Diankuan' ) LIMIT 1   [ RunTime:0.0003s ]
SQL: SELECT COUNT(*) AS tp_count FROM `jd_diankuan` WHERE ( audit_1 =0  ) LIMIT 1   [ RunTime:0.0003s ]
SQL: SELECT COUNT(*) AS tp_count FROM `jd_diankuan` WHERE ( audit_2 =0  and audit_1=1 ) LIMIT 1   [ RunTime:0.0003s ]
SQL: SHOW COLUMNS FROM `jd_refund` [ RunTime:0.0044s ]
SQL: SELECT `audit_1`,`audit_2` FROM `jd_rbac` WHERE ( module = '/Admin/Refund' ) LIMIT 1   [ RunTime:0.0004s ]
SQL: SELECT COUNT(*) AS tp_count FROM `jd_refund` WHERE ( audit_1 =0  ) LIMIT 1   [ RunTime:0.0005s ]
SQL: SELECT COUNT(*) AS tp_count FROM `jd_refund` WHERE ( audit_2 =0  and audit_1=1 ) LIMIT 1   [ RunTime:0.0003s ]
SQL: SHOW COLUMNS FROM `jd_invoice` [ RunTime:0.0057s ]
SQL: SELECT `audit_1`,`audit_2` FROM `jd_rbac` WHERE ( module = '/Admin/Invoice' ) LIMIT 1   [ RunTime:0.0004s ]
SQL: SELECT COUNT(*) AS tp_count FROM `jd_invoice` WHERE ( audit_1 =0  ) LIMIT 1   [ RunTime:0.0003s ]
SQL: SELECT COUNT(*) AS tp_count FROM `jd_invoice` WHERE ( audit_2 =0  and audit_1=1 ) LIMIT 1   [ RunTime:0.0003s ]
SQL: SHOW COLUMNS FROM `jd_refund_invoice` [ RunTime:0.0050s ]
SQL: SELECT `audit_1`,`audit_2` FROM `jd_rbac` WHERE ( module = '/Admin/RefundInvoice' ) LIMIT 1   [ RunTime:0.0004s ]
SQL: SELECT COUNT(*) AS tp_count FROM `jd_refund_invoice` WHERE ( audit_1 =0  ) LIMIT 1   [ RunTime:0.0003s ]
SQL: SELECT COUNT(*) AS tp_count FROM `jd_refund_invoice` WHERE ( audit_2 =0  and audit_1=1 ) LIMIT 1   [ RunTime:0.0003s ]
INFO: [ app_end ] --START--
INFO: Run Behavior\ShowPageTraceBehavior [ RunTime:0.000746s ]
INFO: [ app_end ] --END-- [ RunTime:0.000800s ]

